TpTrace Verbose: 0 : 14044, 1, 2023/05/22, 09:52:45.676, 2971417414706, vstest.console.dll, Version: 17.3.1 Current process architecture: X64
TpTrace Verbose: 0 : 14044, 1, 2023/05/22, 09:52:45.677, 2971417430482, vstest.console.dll, Runtime location: C:\Program Files\dotnet\shared\Microsoft.NETCore.App\6.0.13
TpTrace Information: 0 : 14044, 1, 2023/05/22, 09:52:45.683, 2971417487190, vstest.console.dll, FilePatternParser: The given file C:\JuanCarlos\USIL\UnitTesting.Test\bin\Debug\netcoreapp3.1\fine-code-coverage\build-output\UnitTesting.Test.dll is a full path.
TpTrace Verbose: 0 : 14044, 1, 2023/05/22, 09:52:45.688, 2971417538752, vstest.console.dll, TestPluginCache.DiscoverTestExtensions: finding test extensions in assemblies ends with: RuntimeProvider.dll TPluginInfo: Microsoft.VisualStudio.TestPlatform.Common.ExtensionFramework.Utilities.TestRuntimePluginInformation TExtension: Microsoft.VisualStudio.TestPlatform.ObjectModel.Host.ITestRuntimeProvider
TpTrace Verbose: 0 : 14044, 1, 2023/05/22, 09:52:45.689, 2971417544939, vstest.console.dll, TestPluginCache.GetExtensionPaths: Filtered extension paths: 
TpTrace Verbose: 0 : 14044, 1, 2023/05/22, 09:52:45.689, 2971417545641, vstest.console.dll, TestPluginCache.GetExtensionPaths: Added default extension paths: C:\Program Files\dotnet\sdk\6.0.405\Extensions\Microsoft.Diagnostics.NETCore.Client.dll
C:\Program Files\dotnet\sdk\6.0.405\Extensions\Microsoft.TestPlatform.Extensions.BlameDataCollector.dll
C:\Program Files\dotnet\sdk\6.0.405\Extensions\Microsoft.TestPlatform.Extensions.EventLogCollector.dll
C:\Program Files\dotnet\sdk\6.0.405\Extensions\Microsoft.TestPlatform.TestHostRuntimeProvider.dll
C:\Program Files\dotnet\sdk\6.0.405\Extensions\Microsoft.VisualStudio.TestPlatform.Extensions.Html.TestLogger.dll
C:\Program Files\dotnet\sdk\6.0.405\Extensions\Microsoft.VisualStudio.TestPlatform.Extensions.Trx.TestLogger.dll
TpTrace Verbose: 0 : 14044, 1, 2023/05/22, 09:52:45.689, 2971417546021, vstest.console.dll, TestPluginCache.GetExtensionPaths: Added unfilterableExtensionPaths: 
TpTrace Information: 0 : 14044, 1, 2023/05/22, 09:52:45.689, 2971417551173, vstest.console.dll, AssemblyResolver.ctor: Creating AssemblyResolver with searchDirectories C:\Program Files\dotnet\sdk\6.0.405\Extensions,C:\Program Files\dotnet\sdk\6.0.405
TpTrace Verbose: 0 : 14044, 1, 2023/05/22, 09:52:45.690, 2971417560531, vstest.console.dll, TestPluginCache.DiscoverTestExtensions: Discovering the extensions using extension path.
TpTrace Verbose: 0 : 14044, 1, 2023/05/22, 09:52:45.690, 2971417561420, vstest.console.dll, TestPluginCache.GetExtensionPaths: Filtered extension paths: 
TpTrace Verbose: 0 : 14044, 1, 2023/05/22, 09:52:45.690, 2971417561750, vstest.console.dll, TestPluginCache.GetExtensionPaths: Added default extension paths: C:\Program Files\dotnet\sdk\6.0.405\Extensions\Microsoft.Diagnostics.NETCore.Client.dll
C:\Program Files\dotnet\sdk\6.0.405\Extensions\Microsoft.TestPlatform.Extensions.BlameDataCollector.dll
C:\Program Files\dotnet\sdk\6.0.405\Extensions\Microsoft.TestPlatform.Extensions.EventLogCollector.dll
C:\Program Files\dotnet\sdk\6.0.405\Extensions\Microsoft.TestPlatform.TestHostRuntimeProvider.dll
C:\Program Files\dotnet\sdk\6.0.405\Extensions\Microsoft.VisualStudio.TestPlatform.Extensions.Html.TestLogger.dll
C:\Program Files\dotnet\sdk\6.0.405\Extensions\Microsoft.VisualStudio.TestPlatform.Extensions.Trx.TestLogger.dll
TpTrace Verbose: 0 : 14044, 1, 2023/05/22, 09:52:45.690, 2971417562131, vstest.console.dll, TestPluginCache.GetExtensionPaths: Added unfilterableExtensionPaths: 
TpTrace Verbose: 0 : 14044, 1, 2023/05/22, 09:52:45.690, 2971417562592, vstest.console.dll, TestPluginCache.DiscoverTestExtensions: Discovering the extensions using allExtensionPaths: C:\Program Files\dotnet\sdk\6.0.405\Extensions\Microsoft.Diagnostics.NETCore.Client.dll
C:\Program Files\dotnet\sdk\6.0.405\Extensions\Microsoft.TestPlatform.Extensions.BlameDataCollector.dll
C:\Program Files\dotnet\sdk\6.0.405\Extensions\Microsoft.TestPlatform.Extensions.EventLogCollector.dll
C:\Program Files\dotnet\sdk\6.0.405\Extensions\Microsoft.TestPlatform.TestHostRuntimeProvider.dll
C:\Program Files\dotnet\sdk\6.0.405\Extensions\Microsoft.VisualStudio.TestPlatform.Extensions.Html.TestLogger.dll
C:\Program Files\dotnet\sdk\6.0.405\Extensions\Microsoft.VisualStudio.TestPlatform.Extensions.Trx.TestLogger.dll
TpTrace Information: 0 : 14044, 1, 2023/05/22, 09:52:45.691, 2971417564088, vstest.console.dll, AssemblyResolver.AddSearchDirectories: Adding more searchDirectories C:\Program Files\dotnet\sdk\6.0.405\Extensions,C:\Program Files\dotnet\sdk\6.0.405
TpTrace Information: 0 : 14044, 1, 2023/05/22, 09:52:45.691, 2971417564553, vstest.console.dll, AssemblyResolver.AddSearchDirectories: Adding more searchDirectories C:\Program Files\dotnet\sdk\6.0.405\Extensions,C:\Program Files\dotnet\sdk\6.0.405
TpTrace Information: 0 : 14044, 1, 2023/05/22, 09:52:45.691, 2971417564887, vstest.console.dll, AssemblyResolver.AddSearchDirectories: Adding more searchDirectories C:\Program Files\dotnet\sdk\6.0.405\Extensions,C:\Program Files\dotnet\sdk\6.0.405
TpTrace Information: 0 : 14044, 1, 2023/05/22, 09:52:45.691, 2971417565146, vstest.console.dll, AssemblyResolver.AddSearchDirectories: Adding more searchDirectories C:\Program Files\dotnet\sdk\6.0.405\Extensions,C:\Program Files\dotnet\sdk\6.0.405
TpTrace Information: 0 : 14044, 1, 2023/05/22, 09:52:45.691, 2971417565385, vstest.console.dll, AssemblyResolver.AddSearchDirectories: Adding more searchDirectories C:\Program Files\dotnet\sdk\6.0.405\Extensions,C:\Program Files\dotnet\sdk\6.0.405
TpTrace Information: 0 : 14044, 1, 2023/05/22, 09:52:45.691, 2971417565616, vstest.console.dll, AssemblyResolver.AddSearchDirectories: Adding more searchDirectories C:\Program Files\dotnet\sdk\6.0.405\Extensions,C:\Program Files\dotnet\sdk\6.0.405
TpTrace Information: 0 : 14044, 1, 2023/05/22, 09:52:45.691, 2971417568612, vstest.console.dll, AssemblyResolver.OnResolve: Microsoft.Diagnostics.NETCore.Client: Resolving assembly.
TpTrace Information: 0 : 14044, 1, 2023/05/22, 09:52:45.691, 2971417569151, vstest.console.dll, AssemblyResolver.OnResolve: Microsoft.Diagnostics.NETCore.Client: Searching in: 'C:\Program Files\dotnet\sdk\6.0.405\Extensions'.
TpTrace Information: 0 : 14044, 1, 2023/05/22, 09:52:45.692, 2971417573582, vstest.console.dll, AssemblyResolver.OnResolve: Microsoft.Diagnostics.NETCore.Client: Loading assembly 'C:\Program Files\dotnet\sdk\6.0.405\Extensions\Microsoft.Diagnostics.NETCore.Client.dll'.
TpTrace Information: 0 : 14044, 1, 2023/05/22, 09:52:45.692, 2971417578946, vstest.console.dll, AssemblyResolver.OnResolve: Resolved assembly: Microsoft.Diagnostics.NETCore.Client, from path: C:\Program Files\dotnet\sdk\6.0.405\Extensions\Microsoft.Diagnostics.NETCore.Client.dll
TpTrace Verbose: 0 : 14044, 1, 2023/05/22, 09:52:45.696, 2971417616230, vstest.console.dll, MetadataReaderExtensionsHelper: Discovering extensions inside assembly 'Microsoft.Diagnostics.NETCore.Client, Version=0.2.5.801, Culture=neutral, PublicKeyToken=31bf3856ad364e35' file path 'C:\Program Files\dotnet\sdk\6.0.405\Extensions\Microsoft.Diagnostics.NETCore.Client.dll'
TpTrace Information: 0 : 14044, 1, 2023/05/22, 09:52:45.705, 2971417711032, vstest.console.dll, AssemblyResolver.OnResolve: Microsoft.Bcl.AsyncInterfaces: Resolving assembly.
TpTrace Information: 0 : 14044, 1, 2023/05/22, 09:52:45.705, 2971417711729, vstest.console.dll, AssemblyResolver.OnResolve: Microsoft.Bcl.AsyncInterfaces: Searching in: 'C:\Program Files\dotnet\sdk\6.0.405\Extensions'.
TpTrace Information: 0 : 14044, 1, 2023/05/22, 09:52:45.705, 2971417712566, vstest.console.dll, AssemblyResolver.OnResolve: Microsoft.Bcl.AsyncInterfaces: Assembly path does not exist: 'C:\Program Files\dotnet\sdk\6.0.405\Extensions\Microsoft.Bcl.AsyncInterfaces.dll', returning.
TpTrace Information: 0 : 14044, 1, 2023/05/22, 09:52:45.706, 2971417713208, vstest.console.dll, AssemblyResolver.OnResolve: Microsoft.Bcl.AsyncInterfaces: Assembly path does not exist: 'C:\Program Files\dotnet\sdk\6.0.405\Extensions\Microsoft.Bcl.AsyncInterfaces.exe', returning.
TpTrace Information: 0 : 14044, 1, 2023/05/22, 09:52:45.706, 2971417713896, vstest.console.dll, AssemblyResolver.OnResolve: Microsoft.Bcl.AsyncInterfaces: Searching in: 'C:\Program Files\dotnet\sdk\6.0.405'.
TpTrace Information: 0 : 14044, 1, 2023/05/22, 09:52:45.706, 2971417714596, vstest.console.dll, AssemblyResolver.OnResolve: Microsoft.Bcl.AsyncInterfaces: Assembly path does not exist: 'C:\Program Files\dotnet\sdk\6.0.405\Microsoft.Bcl.AsyncInterfaces.dll', returning.
TpTrace Information: 0 : 14044, 1, 2023/05/22, 09:52:45.706, 2971417715271, vstest.console.dll, AssemblyResolver.OnResolve: Microsoft.Bcl.AsyncInterfaces: Assembly path does not exist: 'C:\Program Files\dotnet\sdk\6.0.405\Microsoft.Bcl.AsyncInterfaces.exe', returning.
TpTrace Information: 0 : 14044, 1, 2023/05/22, 09:52:45.706, 2971417715525, vstest.console.dll, AssemblyResolver.OnResolve: Microsoft.Bcl.AsyncInterfaces: Failed to load assembly.
TpTrace Verbose: 0 : 14044, 1, 2023/05/22, 09:52:45.706, 2971417715827, vstest.console.dll, CurrentDomainAssemblyResolve: Resolving assembly 'Microsoft.Bcl.AsyncInterfaces'.
TpTrace Information: 0 : 14044, 1, 2023/05/22, 09:52:45.706, 2971417716363, vstest.console.dll, AssemblyResolver.OnResolve: Microsoft.Bcl.AsyncInterfaces: Resolving assembly.
TpTrace Information: 0 : 14044, 1, 2023/05/22, 09:52:45.706, 2971417716694, vstest.console.dll, AssemblyResolver.OnResolve: Microsoft.Bcl.AsyncInterfaces: Resolved from cache.
TpTrace Verbose: 0 : 14044, 1, 2023/05/22, 09:52:45.706, 2971417717022, vstest.console.dll, CurrentDomainAssemblyResolve: Resolving assembly 'Microsoft.Bcl.AsyncInterfaces'.
TpTrace Verbose: 0 : 14044, 1, 2023/05/22, 09:52:45.706, 2971417717316, vstest.console.dll, CurrentDomainAssemblyResolve: Failed to resolve assembly 'Microsoft.Bcl.AsyncInterfaces'.
TpTrace Verbose: 0 : 14044, 1, 2023/05/22, 09:52:45.706, 2971417720546, vstest.console.dll, CurrentDomainAssemblyResolve: Failed to resolve assembly 'Microsoft.Bcl.AsyncInterfaces'.
TpTrace Warning: 0 : 14044, 1, 2023/05/22, 09:52:45.715, 2971417812422, vstest.console.dll, TestPluginDiscoverer: Failed to get types from assembly 'Microsoft.Diagnostics.NETCore.Client, Version=0.2.5.801, Culture=neutral, PublicKeyToken=31bf3856ad364e35'. Error: System.Reflection.ReflectionTypeLoadException: Unable to load one or more of the requested types.
Could not load file or assembly 'Microsoft.Bcl.AsyncInterfaces, Version=1.0.0.0, Culture=neutral, PublicKeyToken=cc7b13ffcd2ddd51'. El sistema no puede encontrar el archivo especificado.
   at System.Reflection.RuntimeModule.GetTypes(RuntimeModule module)
   at System.Reflection.Assembly.GetTypes()
   at Microsoft.VisualStudio.TestPlatform.Common.ExtensionFramework.TestPluginDiscoverer.GetTestExtensionsFromAssembly[TPluginInfo,TExtension](Assembly assembly, Dictionary`2 pluginInfos, String filePath)
System.IO.FileNotFoundException: Could not load file or assembly 'Microsoft.Bcl.AsyncInterfaces, Version=1.0.0.0, Culture=neutral, PublicKeyToken=cc7b13ffcd2ddd51'. El sistema no puede encontrar el archivo especificado.
File name: 'Microsoft.Bcl.AsyncInterfaces, Version=1.0.0.0, Culture=neutral, PublicKeyToken=cc7b13ffcd2ddd51'
 ---> System.IO.FileNotFoundException: Could not load file or assembly 'Microsoft.Bcl.AsyncInterfaces, Culture=neutral, PublicKeyToken=null'. El sistema no puede encontrar el archivo especificado.
File name: 'Microsoft.Bcl.AsyncInterfaces, Culture=neutral, PublicKeyToken=null'
   at System.Reflection.RuntimeAssembly.InternalLoad(ObjectHandleOnStack assemblyName, ObjectHandleOnStack requestingAssembly, StackCrawlMarkHandle stackMark, Boolean throwOnFileNotFound, ObjectHandleOnStack assemblyLoadContext, ObjectHandleOnStack retAssembly)
   at System.Reflection.RuntimeAssembly.InternalLoad(AssemblyName assemblyName, RuntimeAssembly requestingAssembly, StackCrawlMark& stackMark, Boolean throwOnFileNotFound, AssemblyLoadContext assemblyLoadContext)
   at System.Reflection.Assembly.Load(AssemblyName assemblyRef)
   at Microsoft.VisualStudio.TestPlatform.Common.ExtensionFramework.TestPluginCache.CurrentDomainAssemblyResolve(Object sender, AssemblyResolveEventArgs args)
   at Microsoft.VisualStudio.TestPlatform.PlatformAbstractions.PlatformAssemblyResolver.AssemblyResolverEvent(Object sender, Object eventArgs)
   at System.Runtime.Loader.AssemblyLoadContext.GetFirstResolvedAssemblyFromResolvingEvent(AssemblyName assemblyName)
   at System.Runtime.Loader.AssemblyLoadContext.ResolveUsingEvent(AssemblyName assemblyName)
   at System.Runtime.Loader.AssemblyLoadContext.ResolveUsingResolvingEvent(IntPtr gchManagedAssemblyLoadContext, AssemblyName assemblyName)
TpTrace Warning: 0 : 14044, 1, 2023/05/22, 09:52:45.716, 2971417815886, vstest.console.dll, LoaderExceptions: System.IO.FileNotFoundException: Could not load file or assembly 'Microsoft.Bcl.AsyncInterfaces, Version=1.0.0.0, Culture=neutral, PublicKeyToken=cc7b13ffcd2ddd51'. El sistema no puede encontrar el archivo especificado.
File name: 'Microsoft.Bcl.AsyncInterfaces, Version=1.0.0.0, Culture=neutral, PublicKeyToken=cc7b13ffcd2ddd51'
 ---> System.IO.FileNotFoundException: Could not load file or assembly 'Microsoft.Bcl.AsyncInterfaces, Culture=neutral, PublicKeyToken=null'. El sistema no puede encontrar el archivo especificado.
File name: 'Microsoft.Bcl.AsyncInterfaces, Culture=neutral, PublicKeyToken=null'
   at System.Reflection.RuntimeAssembly.InternalLoad(ObjectHandleOnStack assemblyName, ObjectHandleOnStack requestingAssembly, StackCrawlMarkHandle stackMark, Boolean throwOnFileNotFound, ObjectHandleOnStack assemblyLoadContext, ObjectHandleOnStack retAssembly)
   at System.Reflection.RuntimeAssembly.InternalLoad(AssemblyName assemblyName, RuntimeAssembly requestingAssembly, StackCrawlMark& stackMark, Boolean throwOnFileNotFound, AssemblyLoadContext assemblyLoadContext)
   at System.Reflection.Assembly.Load(AssemblyName assemblyRef)
   at Microsoft.VisualStudio.TestPlatform.Common.ExtensionFramework.TestPluginCache.CurrentDomainAssemblyResolve(Object sender, AssemblyResolveEventArgs args)
   at Microsoft.VisualStudio.TestPlatform.PlatformAbstractions.PlatformAssemblyResolver.AssemblyResolverEvent(Object sender, Object eventArgs)
   at System.Runtime.Loader.AssemblyLoadContext.GetFirstResolvedAssemblyFromResolvingEvent(AssemblyName assemblyName)
   at System.Runtime.Loader.AssemblyLoadContext.ResolveUsingEvent(AssemblyName assemblyName)
   at System.Runtime.Loader.AssemblyLoadContext.ResolveUsingResolvingEvent(IntPtr gchManagedAssemblyLoadContext, AssemblyName assemblyName)
TpTrace Information: 0 : 14044, 1, 2023/05/22, 09:52:45.716, 2971417817264, vstest.console.dll, AssemblyResolver.OnResolve: Microsoft.TestPlatform.Extensions.BlameDataCollector: Resolving assembly.
TpTrace Information: 0 : 14044, 1, 2023/05/22, 09:52:45.716, 2971417817645, vstest.console.dll, AssemblyResolver.OnResolve: Microsoft.TestPlatform.Extensions.BlameDataCollector: Searching in: 'C:\Program Files\dotnet\sdk\6.0.405\Extensions'.
TpTrace Information: 0 : 14044, 1, 2023/05/22, 09:52:45.716, 2971417820990, vstest.console.dll, AssemblyResolver.OnResolve: Microsoft.TestPlatform.Extensions.BlameDataCollector: Loading assembly 'C:\Program Files\dotnet\sdk\6.0.405\Extensions\Microsoft.TestPlatform.Extensions.BlameDataCollector.dll'.
TpTrace Information: 0 : 14044, 1, 2023/05/22, 09:52:45.717, 2971417825626, vstest.console.dll, AssemblyResolver.OnResolve: Resolved assembly: Microsoft.TestPlatform.Extensions.BlameDataCollector, from path: C:\Program Files\dotnet\sdk\6.0.405\Extensions\Microsoft.TestPlatform.Extensions.BlameDataCollector.dll
TpTrace Verbose: 0 : 14044, 1, 2023/05/22, 09:52:45.717, 2971417826483, vstest.console.dll, MetadataReaderExtensionsHelper: Discovering extensions inside assembly 'Microsoft.TestPlatform.Extensions.BlameDataCollector, Version=15.0.0.0, Culture=neutral, PublicKeyToken=b03f5f7f11d50a3a' file path 'C:\Program Files\dotnet\sdk\6.0.405\Extensions\Microsoft.TestPlatform.Extensions.BlameDataCollector.dll'
TpTrace Information: 0 : 14044, 1, 2023/05/22, 09:52:45.718, 2971417841032, vstest.console.dll, AssemblyResolver.OnResolve: Microsoft.TestPlatform.Extensions.EventLogCollector: Resolving assembly.
TpTrace Information: 0 : 14044, 1, 2023/05/22, 09:52:45.718, 2971417842023, vstest.console.dll, AssemblyResolver.OnResolve: Microsoft.TestPlatform.Extensions.EventLogCollector: Searching in: 'C:\Program Files\dotnet\sdk\6.0.405\Extensions'.
TpTrace Information: 0 : 14044, 1, 2023/05/22, 09:52:45.719, 2971417845643, vstest.console.dll, AssemblyResolver.OnResolve: Microsoft.TestPlatform.Extensions.EventLogCollector: Loading assembly 'C:\Program Files\dotnet\sdk\6.0.405\Extensions\Microsoft.TestPlatform.Extensions.EventLogCollector.dll'.
TpTrace Information: 0 : 14044, 1, 2023/05/22, 09:52:45.719, 2971417849730, vstest.console.dll, AssemblyResolver.OnResolve: Resolved assembly: Microsoft.TestPlatform.Extensions.EventLogCollector, from path: C:\Program Files\dotnet\sdk\6.0.405\Extensions\Microsoft.TestPlatform.Extensions.EventLogCollector.dll
TpTrace Verbose: 0 : 14044, 1, 2023/05/22, 09:52:45.719, 2971417850362, vstest.console.dll, MetadataReaderExtensionsHelper: Discovering extensions inside assembly 'Microsoft.TestPlatform.Extensions.EventLogCollector, Version=15.0.0.0, Culture=neutral, PublicKeyToken=b03f5f7f11d50a3a' file path 'C:\Program Files\dotnet\sdk\6.0.405\Extensions\Microsoft.TestPlatform.Extensions.EventLogCollector.dll'
TpTrace Information: 0 : 14044, 1, 2023/05/22, 09:52:45.721, 2971417871103, vstest.console.dll, AssemblyResolver.OnResolve: Microsoft.TestPlatform.TestHostRuntimeProvider: Resolving assembly.
TpTrace Information: 0 : 14044, 1, 2023/05/22, 09:52:45.721, 2971417871593, vstest.console.dll, AssemblyResolver.OnResolve: Microsoft.TestPlatform.TestHostRuntimeProvider: Searching in: 'C:\Program Files\dotnet\sdk\6.0.405\Extensions'.
TpTrace Information: 0 : 14044, 1, 2023/05/22, 09:52:45.722, 2971417874980, vstest.console.dll, AssemblyResolver.OnResolve: Microsoft.TestPlatform.TestHostRuntimeProvider: Loading assembly 'C:\Program Files\dotnet\sdk\6.0.405\Extensions\Microsoft.TestPlatform.TestHostRuntimeProvider.dll'.
TpTrace Information: 0 : 14044, 1, 2023/05/22, 09:52:45.722, 2971417879271, vstest.console.dll, AssemblyResolver.OnResolve: Resolved assembly: Microsoft.TestPlatform.TestHostRuntimeProvider, from path: C:\Program Files\dotnet\sdk\6.0.405\Extensions\Microsoft.TestPlatform.TestHostRuntimeProvider.dll
TpTrace Verbose: 0 : 14044, 1, 2023/05/22, 09:52:45.722, 2971417879885, vstest.console.dll, MetadataReaderExtensionsHelper: Discovering extensions inside assembly 'Microsoft.TestPlatform.TestHostRuntimeProvider, Version=15.0.0.0, Culture=neutral, PublicKeyToken=b03f5f7f11d50a3a' file path 'C:\Program Files\dotnet\sdk\6.0.405\Extensions\Microsoft.TestPlatform.TestHostRuntimeProvider.dll'
TpTrace Information: 0 : 14044, 1, 2023/05/22, 09:52:45.724, 2971417896121, vstest.console.dll, GetTestExtensionFromType: Register extension with identifier data 'HostProvider://DefaultTestHost' and type 'Microsoft.VisualStudio.TestPlatform.CrossPlatEngine.Hosting.DefaultTestHostManager, Microsoft.TestPlatform.TestHostRuntimeProvider, Version=15.0.0.0, Culture=neutral, PublicKeyToken=b03f5f7f11d50a3a' inside file 'C:\Program Files\dotnet\sdk\6.0.405\Extensions\Microsoft.TestPlatform.TestHostRuntimeProvider.dll'
TpTrace Information: 0 : 14044, 1, 2023/05/22, 09:52:45.724, 2971417896839, vstest.console.dll, GetTestExtensionFromType: Register extension with identifier data 'HostProvider://DotnetTestHost' and type 'Microsoft.VisualStudio.TestPlatform.CrossPlatEngine.Hosting.DotnetTestHostManager, Microsoft.TestPlatform.TestHostRuntimeProvider, Version=15.0.0.0, Culture=neutral, PublicKeyToken=b03f5f7f11d50a3a' inside file 'C:\Program Files\dotnet\sdk\6.0.405\Extensions\Microsoft.TestPlatform.TestHostRuntimeProvider.dll'
TpTrace Information: 0 : 14044, 1, 2023/05/22, 09:52:45.724, 2971417897517, vstest.console.dll, AssemblyResolver.OnResolve: Microsoft.VisualStudio.TestPlatform.Extensions.Html.TestLogger: Resolving assembly.
TpTrace Information: 0 : 14044, 1, 2023/05/22, 09:52:45.724, 2971417897829, vstest.console.dll, AssemblyResolver.OnResolve: Microsoft.VisualStudio.TestPlatform.Extensions.Html.TestLogger: Searching in: 'C:\Program Files\dotnet\sdk\6.0.405\Extensions'.
TpTrace Information: 0 : 14044, 1, 2023/05/22, 09:52:45.724, 2971417901246, vstest.console.dll, AssemblyResolver.OnResolve: Microsoft.VisualStudio.TestPlatform.Extensions.Html.TestLogger: Loading assembly 'C:\Program Files\dotnet\sdk\6.0.405\Extensions\Microsoft.VisualStudio.TestPlatform.Extensions.Html.TestLogger.dll'.
TpTrace Information: 0 : 14044, 1, 2023/05/22, 09:52:45.725, 2971417905398, vstest.console.dll, AssemblyResolver.OnResolve: Resolved assembly: Microsoft.VisualStudio.TestPlatform.Extensions.Html.TestLogger, from path: C:\Program Files\dotnet\sdk\6.0.405\Extensions\Microsoft.VisualStudio.TestPlatform.Extensions.Html.TestLogger.dll
TpTrace Verbose: 0 : 14044, 1, 2023/05/22, 09:52:45.725, 2971417906094, vstest.console.dll, MetadataReaderExtensionsHelper: Discovering extensions inside assembly 'Microsoft.VisualStudio.TestPlatform.Extensions.Html.TestLogger, Version=15.0.0.0, Culture=neutral, PublicKeyToken=b03f5f7f11d50a3a' file path 'C:\Program Files\dotnet\sdk\6.0.405\Extensions\Microsoft.VisualStudio.TestPlatform.Extensions.Html.TestLogger.dll'
TpTrace Information: 0 : 14044, 1, 2023/05/22, 09:52:45.725, 2971417912344, vstest.console.dll, AssemblyResolver.OnResolve: Microsoft.VisualStudio.TestPlatform.Extensions.Trx.TestLogger: Resolving assembly.
TpTrace Information: 0 : 14044, 1, 2023/05/22, 09:52:45.726, 2971417912767, vstest.console.dll, AssemblyResolver.OnResolve: Microsoft.VisualStudio.TestPlatform.Extensions.Trx.TestLogger: Searching in: 'C:\Program Files\dotnet\sdk\6.0.405\Extensions'.
TpTrace Information: 0 : 14044, 1, 2023/05/22, 09:52:45.726, 2971417916071, vstest.console.dll, AssemblyResolver.OnResolve: Microsoft.VisualStudio.TestPlatform.Extensions.Trx.TestLogger: Loading assembly 'C:\Program Files\dotnet\sdk\6.0.405\Extensions\Microsoft.VisualStudio.TestPlatform.Extensions.Trx.TestLogger.dll'.
TpTrace Information: 0 : 14044, 1, 2023/05/22, 09:52:45.726, 2971417920637, vstest.console.dll, AssemblyResolver.OnResolve: Resolved assembly: Microsoft.VisualStudio.TestPlatform.Extensions.Trx.TestLogger, from path: C:\Program Files\dotnet\sdk\6.0.405\Extensions\Microsoft.VisualStudio.TestPlatform.Extensions.Trx.TestLogger.dll
TpTrace Verbose: 0 : 14044, 1, 2023/05/22, 09:52:45.726, 2971417921208, vstest.console.dll, MetadataReaderExtensionsHelper: Discovering extensions inside assembly 'Microsoft.VisualStudio.TestPlatform.Extensions.Trx.TestLogger, Version=15.0.0.0, Culture=neutral, PublicKeyToken=b03f5f7f11d50a3a' file path 'C:\Program Files\dotnet\sdk\6.0.405\Extensions\Microsoft.VisualStudio.TestPlatform.Extensions.Trx.TestLogger.dll'
TpTrace Verbose: 0 : 14044, 1, 2023/05/22, 09:52:45.727, 2971417929831, vstest.console.dll, TestPluginCache: Discovered the extensions using extension path ''.
TpTrace Verbose: 0 : 14044, 1, 2023/05/22, 09:52:45.727, 2971417930308, vstest.console.dll, TestPluginCache: Discoverers are ''.
TpTrace Verbose: 0 : 14044, 1, 2023/05/22, 09:52:45.727, 2971417930628, vstest.console.dll, TestPluginCache: Executors are ''.
TpTrace Verbose: 0 : 14044, 1, 2023/05/22, 09:52:45.727, 2971417930849, vstest.console.dll, TestPluginCache: Executors2 are ''.
TpTrace Verbose: 0 : 14044, 1, 2023/05/22, 09:52:45.727, 2971417931056, vstest.console.dll, TestPluginCache: Setting providers are ''.
TpTrace Verbose: 0 : 14044, 1, 2023/05/22, 09:52:45.727, 2971417931259, vstest.console.dll, TestPluginCache: Loggers are ''.
TpTrace Verbose: 0 : 14044, 1, 2023/05/22, 09:52:45.727, 2971417932522, vstest.console.dll, TestPluginCache: TestHosts are 'HostProvider://DefaultTestHost,HostProvider://DotnetTestHost'.
TpTrace Verbose: 0 : 14044, 1, 2023/05/22, 09:52:45.728, 2971417932852, vstest.console.dll, TestPluginCache: DataCollectors are ''.
TpTrace Information: 0 : 14044, 1, 2023/05/22, 09:52:45.737, 2971418029594, vstest.console.dll, RunTestsArgumentProcessor:Execute: Test run is starting.
TpTrace Verbose: 0 : 14044, 1, 2023/05/22, 09:52:45.737, 2971418030396, vstest.console.dll, RunTestsArgumentProcessor:Execute: Queuing Test run.
TpTrace Information: 0 : 14044, 1, 2023/05/22, 09:52:45.737, 2971418032520, vstest.console.dll, TestRequestManager.RunTests: run tests started.
TpTrace Information: 0 : 14044, 1, 2023/05/22, 09:52:45.739, 2971418043438, vstest.console.dll, AssemblyMetadataProvider.GetFrameworkName: Determined framework:'.NETCoreApp,Version=v3.1' for source: 'C:\JuanCarlos\USIL\UnitTesting.Test\bin\Debug\netcoreapp3.1\fine-code-coverage\build-output\UnitTesting.Test.dll'
TpTrace Information: 0 : 14044, 1, 2023/05/22, 09:52:45.739, 2971418044559, vstest.console.dll, Determined framework for all sources: .NETCoreApp,Version=v3.1
TpTrace Verbose: 0 : 14044, 1, 2023/05/22, 09:52:45.739, 2971418048788, vstest.console.dll, TestRequestManager.UpdateRunSettingsIfRequired: Default architecture: X64 IsDefaultTargetArchitecture: True, Current process architecture: X64 OperatingSystem: Windows.
TpTrace Information: 0 : 14044, 1, 2023/05/22, 09:52:45.741, 2971418070094, vstest.console.dll, AssemblyMetadataProvider.GetArchitecture: Determined architecture:AnyCPU info for assembly: C:\JuanCarlos\USIL\UnitTesting.Test\bin\Debug\netcoreapp3.1\fine-code-coverage\build-output\UnitTesting.Test.dll
TpTrace Information: 0 : 14044, 1, 2023/05/22, 09:52:45.741, 2971418070545, vstest.console.dll, Determined platform for source 'C:\JuanCarlos\USIL\UnitTesting.Test\bin\Debug\netcoreapp3.1\fine-code-coverage\build-output\UnitTesting.Test.dll' was AnyCPU and it will use the default plaform X64.
TpTrace Information: 0 : 14044, 1, 2023/05/22, 09:52:45.741, 2971418070804, vstest.console.dll, None of the sources provided any runnable platform, using the default platform: X64
TpTrace Information: 0 : 14044, 1, 2023/05/22, 09:52:45.741, 2971418071495, vstest.console.dll, Platform was updated to 'X64'.
TpTrace Information: 0 : 14044, 1, 2023/05/22, 09:52:45.745, 2971418103640, vstest.console.dll, InferRunSettingsHelper.IsTestSettingsEnabled: Unable to navigate to RunSettings/MSTest. Current node: RunSettings
TpTrace Information: 0 : 14044, 1, 2023/05/22, 09:52:45.745, 2971418110806, vstest.console.dll, AssemblyResolver.OnResolve: Microsoft.VisualStudio.TestPlatform.Fakes: Resolving assembly.
TpTrace Information: 0 : 14044, 1, 2023/05/22, 09:52:45.745, 2971418111363, vstest.console.dll, AssemblyResolver.OnResolve: Microsoft.VisualStudio.TestPlatform.Fakes: Searching in: 'C:\Program Files\dotnet\sdk\6.0.405\Extensions'.
TpTrace Information: 0 : 14044, 1, 2023/05/22, 09:52:45.745, 2971418112127, vstest.console.dll, AssemblyResolver.OnResolve: Microsoft.VisualStudio.TestPlatform.Fakes: Assembly path does not exist: 'C:\Program Files\dotnet\sdk\6.0.405\Extensions\Microsoft.VisualStudio.TestPlatform.Fakes.dll', returning.
TpTrace Information: 0 : 14044, 1, 2023/05/22, 09:52:45.746, 2971418112767, vstest.console.dll, AssemblyResolver.OnResolve: Microsoft.VisualStudio.TestPlatform.Fakes: Assembly path does not exist: 'C:\Program Files\dotnet\sdk\6.0.405\Extensions\Microsoft.VisualStudio.TestPlatform.Fakes.exe', returning.
TpTrace Information: 0 : 14044, 1, 2023/05/22, 09:52:45.746, 2971418113049, vstest.console.dll, AssemblyResolver.OnResolve: Microsoft.VisualStudio.TestPlatform.Fakes: Searching in: 'C:\Program Files\dotnet\sdk\6.0.405'.
TpTrace Information: 0 : 14044, 1, 2023/05/22, 09:52:45.746, 2971418113934, vstest.console.dll, AssemblyResolver.OnResolve: Microsoft.VisualStudio.TestPlatform.Fakes: Assembly path does not exist: 'C:\Program Files\dotnet\sdk\6.0.405\Microsoft.VisualStudio.TestPlatform.Fakes.dll', returning.
TpTrace Information: 0 : 14044, 1, 2023/05/22, 09:52:45.746, 2971418115080, vstest.console.dll, AssemblyResolver.OnResolve: Microsoft.VisualStudio.TestPlatform.Fakes: Assembly path does not exist: 'C:\Program Files\dotnet\sdk\6.0.405\Microsoft.VisualStudio.TestPlatform.Fakes.exe', returning.
TpTrace Information: 0 : 14044, 1, 2023/05/22, 09:52:45.746, 2971418115549, vstest.console.dll, AssemblyResolver.OnResolve: Microsoft.VisualStudio.TestPlatform.Fakes: Failed to load assembly.
TpTrace Information: 0 : 14044, 1, 2023/05/22, 09:52:45.746, 2971418119419, vstest.console.dll, Failed to load assembly Microsoft.VisualStudio.TestPlatform.Fakes, Version=17.0.0.0, Culture=neutral. Reason:System.IO.FileNotFoundException: Could not load file or assembly 'Microsoft.VisualStudio.TestPlatform.Fakes, Version=17.0.0.0, Culture=neutral, PublicKeyToken=null'. El sistema no puede encontrar el archivo especificado.
File name: 'Microsoft.VisualStudio.TestPlatform.Fakes, Version=17.0.0.0, Culture=neutral, PublicKeyToken=null'
   at System.Reflection.RuntimeAssembly.InternalLoad(ObjectHandleOnStack assemblyName, ObjectHandleOnStack requestingAssembly, StackCrawlMarkHandle stackMark, Boolean throwOnFileNotFound, ObjectHandleOnStack assemblyLoadContext, ObjectHandleOnStack retAssembly)
   at System.Reflection.RuntimeAssembly.InternalLoad(AssemblyName assemblyName, RuntimeAssembly requestingAssembly, StackCrawlMark& stackMark, Boolean throwOnFileNotFound, AssemblyLoadContext assemblyLoadContext)
   at System.Reflection.Assembly.Load(AssemblyName assemblyRef)
   at Microsoft.VisualStudio.TestPlatform.Common.Utilities.FakesUtilities.LoadTestPlatformAssembly()
TpTrace Verbose: 0 : 14044, 1, 2023/05/22, 09:52:45.749, 2971418151881, vstest.console.dll, TestPluginCache.DiscoverTestExtensions: finding test extensions in assemblies ends with: TestLogger.dll TPluginInfo: Microsoft.VisualStudio.TestPlatform.Common.ExtensionFramework.Utilities.TestLoggerPluginInformation TExtension: Microsoft.VisualStudio.TestPlatform.ObjectModel.Client.ITestLogger
TpTrace Verbose: 0 : 14044, 1, 2023/05/22, 09:52:45.749, 2971418152532, vstest.console.dll, TestPluginCache.GetExtensionPaths: Filtered extension paths: 
TpTrace Verbose: 0 : 14044, 1, 2023/05/22, 09:52:45.750, 2971418152828, vstest.console.dll, TestPluginCache.GetExtensionPaths: Added default extension paths: C:\Program Files\dotnet\sdk\6.0.405\Extensions\Microsoft.Diagnostics.NETCore.Client.dll
C:\Program Files\dotnet\sdk\6.0.405\Extensions\Microsoft.TestPlatform.Extensions.BlameDataCollector.dll
C:\Program Files\dotnet\sdk\6.0.405\Extensions\Microsoft.TestPlatform.Extensions.EventLogCollector.dll
C:\Program Files\dotnet\sdk\6.0.405\Extensions\Microsoft.TestPlatform.TestHostRuntimeProvider.dll
C:\Program Files\dotnet\sdk\6.0.405\Extensions\Microsoft.VisualStudio.TestPlatform.Extensions.Html.TestLogger.dll
C:\Program Files\dotnet\sdk\6.0.405\Extensions\Microsoft.VisualStudio.TestPlatform.Extensions.Trx.TestLogger.dll
TpTrace Verbose: 0 : 14044, 1, 2023/05/22, 09:52:45.750, 2971418153077, vstest.console.dll, TestPluginCache.GetExtensionPaths: Added unfilterableExtensionPaths: 
TpTrace Information: 0 : 14044, 1, 2023/05/22, 09:52:45.750, 2971418154275, vstest.console.dll, AssemblyResolver.AddSearchDirectories: Adding more searchDirectories C:\Program Files\dotnet\sdk\6.0.405\Extensions,C:\Program Files\dotnet\sdk\6.0.405
TpTrace Verbose: 0 : 14044, 1, 2023/05/22, 09:52:45.750, 2971418154657, vstest.console.dll, TestPluginCache.DiscoverTestExtensions: Discovering the extensions using extension path.
TpTrace Verbose: 0 : 14044, 1, 2023/05/22, 09:52:45.750, 2971418154971, vstest.console.dll, TestPluginCache.GetExtensionPaths: Filtered extension paths: 
TpTrace Verbose: 0 : 14044, 1, 2023/05/22, 09:52:45.750, 2971418155235, vstest.console.dll, TestPluginCache.GetExtensionPaths: Added default extension paths: C:\Program Files\dotnet\sdk\6.0.405\Extensions\Microsoft.Diagnostics.NETCore.Client.dll
C:\Program Files\dotnet\sdk\6.0.405\Extensions\Microsoft.TestPlatform.Extensions.BlameDataCollector.dll
C:\Program Files\dotnet\sdk\6.0.405\Extensions\Microsoft.TestPlatform.Extensions.EventLogCollector.dll
C:\Program Files\dotnet\sdk\6.0.405\Extensions\Microsoft.TestPlatform.TestHostRuntimeProvider.dll
C:\Program Files\dotnet\sdk\6.0.405\Extensions\Microsoft.VisualStudio.TestPlatform.Extensions.Html.TestLogger.dll
C:\Program Files\dotnet\sdk\6.0.405\Extensions\Microsoft.VisualStudio.TestPlatform.Extensions.Trx.TestLogger.dll
TpTrace Verbose: 0 : 14044, 1, 2023/05/22, 09:52:45.750, 2971418155469, vstest.console.dll, TestPluginCache.GetExtensionPaths: Added unfilterableExtensionPaths: 
TpTrace Verbose: 0 : 14044, 1, 2023/05/22, 09:52:45.750, 2971418155799, vstest.console.dll, TestPluginCache.DiscoverTestExtensions: Discovering the extensions using allExtensionPaths: C:\Program Files\dotnet\sdk\6.0.405\Extensions\Microsoft.Diagnostics.NETCore.Client.dll
C:\Program Files\dotnet\sdk\6.0.405\Extensions\Microsoft.TestPlatform.Extensions.BlameDataCollector.dll
C:\Program Files\dotnet\sdk\6.0.405\Extensions\Microsoft.TestPlatform.Extensions.EventLogCollector.dll
C:\Program Files\dotnet\sdk\6.0.405\Extensions\Microsoft.TestPlatform.TestHostRuntimeProvider.dll
C:\Program Files\dotnet\sdk\6.0.405\Extensions\Microsoft.VisualStudio.TestPlatform.Extensions.Html.TestLogger.dll
C:\Program Files\dotnet\sdk\6.0.405\Extensions\Microsoft.VisualStudio.TestPlatform.Extensions.Trx.TestLogger.dll
TpTrace Information: 0 : 14044, 1, 2023/05/22, 09:52:45.750, 2971418156234, vstest.console.dll, AssemblyResolver.AddSearchDirectories: Adding more searchDirectories C:\Program Files\dotnet\sdk\6.0.405\Extensions,C:\Program Files\dotnet\sdk\6.0.405
TpTrace Information: 0 : 14044, 1, 2023/05/22, 09:52:45.750, 2971418156583, vstest.console.dll, AssemblyResolver.AddSearchDirectories: Adding more searchDirectories C:\Program Files\dotnet\sdk\6.0.405\Extensions,C:\Program Files\dotnet\sdk\6.0.405
TpTrace Information: 0 : 14044, 1, 2023/05/22, 09:52:45.750, 2971418156822, vstest.console.dll, AssemblyResolver.AddSearchDirectories: Adding more searchDirectories C:\Program Files\dotnet\sdk\6.0.405\Extensions,C:\Program Files\dotnet\sdk\6.0.405
TpTrace Information: 0 : 14044, 1, 2023/05/22, 09:52:45.750, 2971418157049, vstest.console.dll, AssemblyResolver.AddSearchDirectories: Adding more searchDirectories C:\Program Files\dotnet\sdk\6.0.405\Extensions,C:\Program Files\dotnet\sdk\6.0.405
TpTrace Information: 0 : 14044, 1, 2023/05/22, 09:52:45.750, 2971418157308, vstest.console.dll, AssemblyResolver.AddSearchDirectories: Adding more searchDirectories C:\Program Files\dotnet\sdk\6.0.405\Extensions,C:\Program Files\dotnet\sdk\6.0.405
TpTrace Information: 0 : 14044, 1, 2023/05/22, 09:52:45.750, 2971418157542, vstest.console.dll, AssemblyResolver.AddSearchDirectories: Adding more searchDirectories C:\Program Files\dotnet\sdk\6.0.405\Extensions,C:\Program Files\dotnet\sdk\6.0.405
TpTrace Verbose: 0 : 14044, 1, 2023/05/22, 09:52:45.750, 2971418158515, vstest.console.dll, MetadataReaderExtensionsHelper: Discovering extensions inside assembly 'Microsoft.Diagnostics.NETCore.Client, Version=0.2.5.801, Culture=neutral, PublicKeyToken=31bf3856ad364e35' file path 'C:\Program Files\dotnet\sdk\6.0.405\Extensions\Microsoft.Diagnostics.NETCore.Client.dll'
TpTrace Information: 0 : 14044, 1, 2023/05/22, 09:52:45.751, 2971418163935, vstest.console.dll, AssemblyResolver.OnResolve: Microsoft.Bcl.AsyncInterfaces: Resolving assembly.
TpTrace Information: 0 : 14044, 1, 2023/05/22, 09:52:45.751, 2971418164283, vstest.console.dll, AssemblyResolver.OnResolve: Microsoft.Bcl.AsyncInterfaces: Resolved from cache.
TpTrace Verbose: 0 : 14044, 1, 2023/05/22, 09:52:45.751, 2971418164544, vstest.console.dll, CurrentDomainAssemblyResolve: Resolving assembly 'Microsoft.Bcl.AsyncInterfaces'.
TpTrace Information: 0 : 14044, 1, 2023/05/22, 09:52:45.751, 2971418164915, vstest.console.dll, AssemblyResolver.OnResolve: Microsoft.Bcl.AsyncInterfaces: Resolving assembly.
TpTrace Information: 0 : 14044, 1, 2023/05/22, 09:52:45.751, 2971418165160, vstest.console.dll, AssemblyResolver.OnResolve: Microsoft.Bcl.AsyncInterfaces: Resolved from cache.
TpTrace Verbose: 0 : 14044, 1, 2023/05/22, 09:52:45.751, 2971418165428, vstest.console.dll, CurrentDomainAssemblyResolve: Resolving assembly 'Microsoft.Bcl.AsyncInterfaces'.
TpTrace Verbose: 0 : 14044, 1, 2023/05/22, 09:52:45.751, 2971418165646, vstest.console.dll, CurrentDomainAssemblyResolve: Failed to resolve assembly 'Microsoft.Bcl.AsyncInterfaces'.
TpTrace Verbose: 0 : 14044, 1, 2023/05/22, 09:52:45.751, 2971418166829, vstest.console.dll, CurrentDomainAssemblyResolve: Failed to resolve assembly 'Microsoft.Bcl.AsyncInterfaces'.
TpTrace Warning: 0 : 14044, 1, 2023/05/22, 09:52:45.751, 2971418169870, vstest.console.dll, TestPluginDiscoverer: Failed to get types from assembly 'Microsoft.Diagnostics.NETCore.Client, Version=0.2.5.801, Culture=neutral, PublicKeyToken=31bf3856ad364e35'. Error: System.Reflection.ReflectionTypeLoadException: Unable to load one or more of the requested types.
Could not load file or assembly 'Microsoft.Bcl.AsyncInterfaces, Version=1.0.0.0, Culture=neutral, PublicKeyToken=cc7b13ffcd2ddd51'. El sistema no puede encontrar el archivo especificado.
   at System.Reflection.RuntimeModule.GetTypes(RuntimeModule module)
   at System.Reflection.Assembly.GetTypes()
   at Microsoft.VisualStudio.TestPlatform.Common.ExtensionFramework.TestPluginDiscoverer.GetTestExtensionsFromAssembly[TPluginInfo,TExtension](Assembly assembly, Dictionary`2 pluginInfos, String filePath)
System.IO.FileNotFoundException: Could not load file or assembly 'Microsoft.Bcl.AsyncInterfaces, Version=1.0.0.0, Culture=neutral, PublicKeyToken=cc7b13ffcd2ddd51'. El sistema no puede encontrar el archivo especificado.
File name: 'Microsoft.Bcl.AsyncInterfaces, Version=1.0.0.0, Culture=neutral, PublicKeyToken=cc7b13ffcd2ddd51'
 ---> System.IO.FileNotFoundException: Could not load file or assembly 'Microsoft.Bcl.AsyncInterfaces, Culture=neutral, PublicKeyToken=null'. El sistema no puede encontrar el archivo especificado.
File name: 'Microsoft.Bcl.AsyncInterfaces, Culture=neutral, PublicKeyToken=null'
   at System.Reflection.RuntimeAssembly.InternalLoad(ObjectHandleOnStack assemblyName, ObjectHandleOnStack requestingAssembly, StackCrawlMarkHandle stackMark, Boolean throwOnFileNotFound, ObjectHandleOnStack assemblyLoadContext, ObjectHandleOnStack retAssembly)
   at System.Reflection.RuntimeAssembly.InternalLoad(AssemblyName assemblyName, RuntimeAssembly requestingAssembly, StackCrawlMark& stackMark, Boolean throwOnFileNotFound, AssemblyLoadContext assemblyLoadContext)
   at System.Reflection.Assembly.Load(AssemblyName assemblyRef)
   at Microsoft.VisualStudio.TestPlatform.Common.ExtensionFramework.TestPluginCache.CurrentDomainAssemblyResolve(Object sender, AssemblyResolveEventArgs args)
   at Microsoft.VisualStudio.TestPlatform.PlatformAbstractions.PlatformAssemblyResolver.AssemblyResolverEvent(Object sender, Object eventArgs)
   at System.Runtime.Loader.AssemblyLoadContext.GetFirstResolvedAssemblyFromResolvingEvent(AssemblyName assemblyName)
   at System.Runtime.Loader.AssemblyLoadContext.ResolveUsingEvent(AssemblyName assemblyName)
   at System.Runtime.Loader.AssemblyLoadContext.ResolveUsingResolvingEvent(IntPtr gchManagedAssemblyLoadContext, AssemblyName assemblyName)
TpTrace Warning: 0 : 14044, 1, 2023/05/22, 09:52:45.751, 2971418171557, vstest.console.dll, LoaderExceptions: System.IO.FileNotFoundException: Could not load file or assembly 'Microsoft.Bcl.AsyncInterfaces, Version=1.0.0.0, Culture=neutral, PublicKeyToken=cc7b13ffcd2ddd51'. El sistema no puede encontrar el archivo especificado.
File name: 'Microsoft.Bcl.AsyncInterfaces, Version=1.0.0.0, Culture=neutral, PublicKeyToken=cc7b13ffcd2ddd51'
 ---> System.IO.FileNotFoundException: Could not load file or assembly 'Microsoft.Bcl.AsyncInterfaces, Culture=neutral, PublicKeyToken=null'. El sistema no puede encontrar el archivo especificado.
File name: 'Microsoft.Bcl.AsyncInterfaces, Culture=neutral, PublicKeyToken=null'
   at System.Reflection.RuntimeAssembly.InternalLoad(ObjectHandleOnStack assemblyName, ObjectHandleOnStack requestingAssembly, StackCrawlMarkHandle stackMark, Boolean throwOnFileNotFound, ObjectHandleOnStack assemblyLoadContext, ObjectHandleOnStack retAssembly)
   at System.Reflection.RuntimeAssembly.InternalLoad(AssemblyName assemblyName, RuntimeAssembly requestingAssembly, StackCrawlMark& stackMark, Boolean throwOnFileNotFound, AssemblyLoadContext assemblyLoadContext)
   at System.Reflection.Assembly.Load(AssemblyName assemblyRef)
   at Microsoft.VisualStudio.TestPlatform.Common.ExtensionFramework.TestPluginCache.CurrentDomainAssemblyResolve(Object sender, AssemblyResolveEventArgs args)
   at Microsoft.VisualStudio.TestPlatform.PlatformAbstractions.PlatformAssemblyResolver.AssemblyResolverEvent(Object sender, Object eventArgs)
   at System.Runtime.Loader.AssemblyLoadContext.GetFirstResolvedAssemblyFromResolvingEvent(AssemblyName assemblyName)
   at System.Runtime.Loader.AssemblyLoadContext.ResolveUsingEvent(AssemblyName assemblyName)
   at System.Runtime.Loader.AssemblyLoadContext.ResolveUsingResolvingEvent(IntPtr gchManagedAssemblyLoadContext, AssemblyName assemblyName)
TpTrace Verbose: 0 : 14044, 1, 2023/05/22, 09:52:45.751, 2971418172299, vstest.console.dll, MetadataReaderExtensionsHelper: Discovering extensions inside assembly 'Microsoft.TestPlatform.Extensions.BlameDataCollector, Version=15.0.0.0, Culture=neutral, PublicKeyToken=b03f5f7f11d50a3a' file path 'C:\Program Files\dotnet\sdk\6.0.405\Extensions\Microsoft.TestPlatform.Extensions.BlameDataCollector.dll'
TpTrace Information: 0 : 14044, 1, 2023/05/22, 09:52:45.752, 2971418177312, vstest.console.dll, GetTestExtensionFromType: Register extension with identifier data 'logger://Microsoft/TestPlatform/Extensions/Blame/v1' and type 'Microsoft.TestPlatform.Extensions.BlameDataCollector.BlameLogger, Microsoft.TestPlatform.Extensions.BlameDataCollector, Version=15.0.0.0, Culture=neutral, PublicKeyToken=b03f5f7f11d50a3a' inside file 'C:\Program Files\dotnet\sdk\6.0.405\Extensions\Microsoft.TestPlatform.Extensions.BlameDataCollector.dll'
TpTrace Verbose: 0 : 14044, 1, 2023/05/22, 09:52:45.752, 2971418177824, vstest.console.dll, MetadataReaderExtensionsHelper: Discovering extensions inside assembly 'Microsoft.TestPlatform.Extensions.EventLogCollector, Version=15.0.0.0, Culture=neutral, PublicKeyToken=b03f5f7f11d50a3a' file path 'C:\Program Files\dotnet\sdk\6.0.405\Extensions\Microsoft.TestPlatform.Extensions.EventLogCollector.dll'
TpTrace Verbose: 0 : 14044, 1, 2023/05/22, 09:52:45.752, 2971418181923, vstest.console.dll, MetadataReaderExtensionsHelper: Discovering extensions inside assembly 'Microsoft.TestPlatform.TestHostRuntimeProvider, Version=15.0.0.0, Culture=neutral, PublicKeyToken=b03f5f7f11d50a3a' file path 'C:\Program Files\dotnet\sdk\6.0.405\Extensions\Microsoft.TestPlatform.TestHostRuntimeProvider.dll'
TpTrace Verbose: 0 : 14044, 1, 2023/05/22, 09:52:45.753, 2971418185669, vstest.console.dll, MetadataReaderExtensionsHelper: Discovering extensions inside assembly 'Microsoft.VisualStudio.TestPlatform.Extensions.Html.TestLogger, Version=15.0.0.0, Culture=neutral, PublicKeyToken=b03f5f7f11d50a3a' file path 'C:\Program Files\dotnet\sdk\6.0.405\Extensions\Microsoft.VisualStudio.TestPlatform.Extensions.Html.TestLogger.dll'
TpTrace Information: 0 : 14044, 1, 2023/05/22, 09:52:45.753, 2971418189772, vstest.console.dll, GetTestExtensionFromType: Register extension with identifier data 'logger://Microsoft/TestPlatform/HtmlLogger/v1' and type 'Microsoft.VisualStudio.TestPlatform.Extensions.HtmlLogger.HtmlLogger, Microsoft.VisualStudio.TestPlatform.Extensions.Html.TestLogger, Version=15.0.0.0, Culture=neutral, PublicKeyToken=b03f5f7f11d50a3a' inside file 'C:\Program Files\dotnet\sdk\6.0.405\Extensions\Microsoft.VisualStudio.TestPlatform.Extensions.Html.TestLogger.dll'
TpTrace Verbose: 0 : 14044, 1, 2023/05/22, 09:52:45.753, 2971418190316, vstest.console.dll, MetadataReaderExtensionsHelper: Discovering extensions inside assembly 'Microsoft.VisualStudio.TestPlatform.Extensions.Trx.TestLogger, Version=15.0.0.0, Culture=neutral, PublicKeyToken=b03f5f7f11d50a3a' file path 'C:\Program Files\dotnet\sdk\6.0.405\Extensions\Microsoft.VisualStudio.TestPlatform.Extensions.Trx.TestLogger.dll'
TpTrace Information: 0 : 14044, 1, 2023/05/22, 09:52:45.754, 2971418194472, vstest.console.dll, GetTestExtensionFromType: Register extension with identifier data 'logger://Microsoft/TestPlatform/TrxLogger/v1' and type 'Microsoft.VisualStudio.TestPlatform.Extensions.TrxLogger.TrxLogger, Microsoft.VisualStudio.TestPlatform.Extensions.Trx.TestLogger, Version=15.0.0.0, Culture=neutral, PublicKeyToken=b03f5f7f11d50a3a' inside file 'C:\Program Files\dotnet\sdk\6.0.405\Extensions\Microsoft.VisualStudio.TestPlatform.Extensions.Trx.TestLogger.dll'
TpTrace Verbose: 0 : 14044, 1, 2023/05/22, 09:52:45.754, 2971418195028, vstest.console.dll, TestPluginCache: Discovered the extensions using extension path ''.
TpTrace Verbose: 0 : 14044, 1, 2023/05/22, 09:52:45.754, 2971418195307, vstest.console.dll, TestPluginCache: Discoverers are ''.
TpTrace Verbose: 0 : 14044, 1, 2023/05/22, 09:52:45.754, 2971418195522, vstest.console.dll, TestPluginCache: Executors are ''.
TpTrace Verbose: 0 : 14044, 1, 2023/05/22, 09:52:45.754, 2971418195796, vstest.console.dll, TestPluginCache: Executors2 are ''.
TpTrace Verbose: 0 : 14044, 1, 2023/05/22, 09:52:45.754, 2971418195990, vstest.console.dll, TestPluginCache: Setting providers are ''.
TpTrace Verbose: 0 : 14044, 1, 2023/05/22, 09:52:45.754, 2971418196495, vstest.console.dll, TestPluginCache: Loggers are 'logger://Microsoft/TestPlatform/Extensions/Blame/v1,logger://Microsoft/TestPlatform/HtmlLogger/v1,logger://Microsoft/TestPlatform/TrxLogger/v1'.
TpTrace Verbose: 0 : 14044, 1, 2023/05/22, 09:52:45.754, 2971418196886, vstest.console.dll, TestPluginCache: TestHosts are 'HostProvider://DefaultTestHost,HostProvider://DotnetTestHost'.
TpTrace Verbose: 0 : 14044, 1, 2023/05/22, 09:52:45.754, 2971418197121, vstest.console.dll, TestPluginCache: DataCollectors are ''.
TpTrace Information: 0 : 14044, 1, 2023/05/22, 09:52:45.754, 2971418202398, vstest.console.dll, TestPluginManager.CreateTestExtension: Attempting to load test extension: Microsoft.TestPlatform.Extensions.BlameDataCollector.BlameLogger
TpTrace Verbose: 0 : 14044, 1, 2023/05/22, 09:52:45.759, 2971418243506, vstest.console.dll, TestEngine: Initializing Parallel Execution as MaxCpuCount is set to: 1
TpTrace Information: 0 : 14044, 1, 2023/05/22, 09:52:45.760, 2971418255571, vstest.console.dll, TestPluginManager.CreateTestExtension: Attempting to load test extension: Microsoft.VisualStudio.TestPlatform.CrossPlatEngine.Hosting.DefaultTestHostManager
TpTrace Information: 0 : 14044, 1, 2023/05/22, 09:52:45.761, 2971418264838, vstest.console.dll, TestPluginManager.CreateTestExtension: Attempting to load test extension: Microsoft.VisualStudio.TestPlatform.CrossPlatEngine.Hosting.DotnetTestHostManager
TpTrace Information: 0 : 14044, 1, 2023/05/22, 09:52:45.761, 2971418269803, vstest.console.dll, InferRunSettingsHelper.IsTestSettingsEnabled: Unable to navigate to RunSettings/MSTest. Current node: RunSettings
TpTrace Verbose: 0 : 14044, 1, 2023/05/22, 09:52:45.766, 2971418313363, vstest.console.dll, TestEngine.GetExecutionManager: Chosen execution manager 'Microsoft.VisualStudio.TestPlatform.CrossPlatEngine.Client.Parallel.ParallelProxyExecutionManager, Microsoft.TestPlatform.CrossPlatEngine, Version=15.0.0.0, Culture=neutral, PublicKeyToken=b03f5f7f11d50a3a' ParallelLevel '1'.
TpTrace Verbose: 0 : 14044, 1, 2023/05/22, 09:52:45.766, 2971418314363, vstest.console.dll, TestRunRequest.ExecuteAsync: Creating test run request.
TpTrace Verbose: 0 : 14044, 1, 2023/05/22, 09:52:45.766, 2971418316158, vstest.console.dll, TestRunRequest.ExecuteAsync: Starting.
TpTrace Information: 0 : 14044, 1, 2023/05/22, 09:52:45.766, 2971418318767, vstest.console.dll, TestRunRequest.ExecuteAsync: Starting run with settings:TestRunCriteria:
   KeepAlive=False,FrequencyOfRunStatsChangeEvent=10,RunStatsChangeEventTimeout=00:00:01.5000000,TestCaseFilter=,TestExecutorLauncher=
   Settingsxml=<RunSettings>
  <RunConfiguration>
    <ResultsDirectory>C:\JuanCarlos\USIL\UnitTesting.Test\bin\Debug\netcoreapp3.1\fine-code-coverage\coverage-tool-output</ResultsDirectory>
    <TargetPlatform>X64</TargetPlatform>
    <TargetFrameworkVersion>.NETCoreApp,Version=v3.1</TargetFrameworkVersion>
    <DesignMode>False</DesignMode>
    <CollectSourceInformation>False</CollectSourceInformation>
  </RunConfiguration>
  <LoggerRunSettings>
    <Loggers>
      <Logger friendlyName="blame" enabled="True" />
      <Logger friendlyName="Console" uri="logger://microsoft/TestPlatform/ConsoleLogger/v1" assemblyQualifiedName="Microsoft.VisualStudio.TestPlatform.CommandLine.Internal.ConsoleLogger, vstest.console, Version=15.0.0.0, Culture=neutral, PublicKeyToken=b03f5f7f11d50a3a" codeBase="C:\Program Files\dotnet\sdk\6.0.405\vstest.console.dll" enabled="True" />
    </Loggers>
  </LoggerRunSettings>
  <DataCollectionRunSettings>
    <DataCollectors>
      <DataCollector friendlyName="blame" enabled="True">
        <Configuration>
          <ResultsDirectory>C:\JuanCarlos\USIL\UnitTesting.Test\bin\Debug\netcoreapp3.1\fine-code-coverage\coverage-tool-output</ResultsDirectory>
        </Configuration>
      </DataCollector>
    </DataCollectors>
  </DataCollectionRunSettings>
</RunSettings>

TpTrace Verbose: 0 : 14044, 1, 2023/05/22, 09:52:45.766, 2971418319231, vstest.console.dll, TestRunRequest.ExecuteAsync: Wait for the first run request is over.
TpTrace Verbose: 0 : 14044, 1, 2023/05/22, 09:52:45.766, 2971418321327, vstest.console.dll, MulticastDelegateUtilities.SafeInvoke: TestRun.TestRunStart: Invoking callbacks was skipped because there are no subscribers.
TpTrace Verbose: 0 : 14044, 4, 2023/05/22, 09:52:45.767, 2971418323638, vstest.console.dll, MulticastDelegateUtilities.SafeInvoke: InternalTestLoggerEvents.SendTestRunStart: Invoking callback 1/1 for Microsoft.VisualStudio.TestPlatform.CommandLine.Internal.ConsoleLogger.TestRunStartHandler, took 0 ms.
TpTrace Verbose: 0 : 14044, 1, 2023/05/22, 09:52:45.767, 2971418330087, vstest.console.dll, ParallelProxyExecutionManager: Start execution. Total sources: 1
TpTrace Verbose: 0 : 14044, 1, 2023/05/22, 09:52:45.768, 2971418342025, vstest.console.dll, TestRequestSender is acting as server.
TpTrace Verbose: 0 : 14044, 1, 2023/05/22, 09:52:45.769, 2971418351928, vstest.console.dll, DataCollectionRequestSender.InitializeCommunication : Initialize communication. 
TpTrace Information: 0 : 14044, 1, 2023/05/22, 09:52:45.774, 2971418396040, vstest.console.dll, Listening on Endpoint : 127.0.0.1:54875
TpTrace Verbose: 0 : 14044, 1, 2023/05/22, 09:52:45.782, 2971418476884, vstest.console.dll, DotnetDataCollectionLauncher: Adding  --runtimeconfig "C:\Program Files\dotnet\sdk\6.0.405\datacollector.runtimeconfig.json" in args
TpTrace Verbose: 0 : 14044, 1, 2023/05/22, 09:52:45.782, 2971418478198, vstest.console.dll, DotnetDataCollectionLauncher: Adding  --depsfile "C:\Program Files\dotnet\sdk\6.0.405\datacollector.deps.json" in args
TpTrace Verbose: 0 : 14044, 1, 2023/05/22, 09:52:45.782, 2971418480209, vstest.console.dll, DotnetDataCollectionLauncher: Full path of dotnet.exe is C:\Program Files\dotnet\dotnet.exe
TpTrace Information: 0 : 14044, 1, 2023/05/22, 09:52:45.791, 2971418572190, vstest.console.dll, ProxyDataCollectionManager.Initialize: Launched datacollector processId: 10652 port: 54875
TpTrace Information: 0 : 14044, 1, 2023/05/22, 09:52:45.792, 2971418573368, vstest.console.dll, ProxyDataCollectionManager.Initialize: waiting for connection with timeout: 90 seconds
TpTrace Verbose: 0 : 14044, 1, 2023/05/22, 09:52:45.792, 2971418573932, vstest.console.dll, DataCollectionRequestSender.WaitForRequestHandlerConnection : Waiting for connection with timeout: 90000
TpTrace Information: 0 : 14044, 5, 2023/05/22, 09:52:45.910, 2971419761048, vstest.console.dll, Using the buffer size of 16384 bytes
TpTrace Verbose: 0 : 14044, 1, 2023/05/22, 09:52:45.910, 2971419761334, vstest.console.dll, SocketCommunicationManager.WaitForClientConnection took: 118 ms, with 90000 ms timeout, and finished with True.
TpTrace Information: 0 : 14044, 5, 2023/05/22, 09:52:45.910, 2971419762074, vstest.console.dll, Accepted Client request and set the flag
TpTrace Verbose: 0 : 14044, 1, 2023/05/22, 09:52:45.911, 2971419763094, vstest.console.dll, ProxyDataCollectionManager.InvokeDataCollectionServiceAction: Starting.
TpTrace Information: 0 : 14044, 1, 2023/05/22, 09:52:45.911, 2971419764042, vstest.console.dll, ProxyDataCollectionManager.BeforeTestRunStart: Get environment variable and port for datacollector processId: 10652 port: 54875
TpTrace Verbose: 0 : 14044, 1, 2023/05/22, 09:52:45.911, 2971419765457, vstest.console.dll, DataCollectionRequestSender.SendBeforeTestRunStartAndGetResult: Send BeforeTestRunStart message with settingsXml <RunSettings><RunConfiguration><ResultsDirectory>C:\JuanCarlos\USIL\UnitTesting.Test\bin\Debug\netcoreapp3.1\fine-code-coverage\coverage-tool-output</ResultsDirectory><TargetPlatform>X64</TargetPlatform><TargetFrameworkVersion>.NETCoreApp,Version=v3.1</TargetFrameworkVersion><DesignMode>False</DesignMode><CollectSourceInformation>False</CollectSourceInformation><TestAdaptersPaths>C:\Program Files\dotnet\sdk\6.0.405\Extensions</TestAdaptersPaths></RunConfiguration><LoggerRunSettings><Loggers><Logger friendlyName="blame" enabled="True" /><Logger friendlyName="Console" uri="logger://microsoft/TestPlatform/ConsoleLogger/v1" assemblyQualifiedName="Microsoft.VisualStudio.TestPlatform.CommandLine.Internal.ConsoleLogger, vstest.console, Version=15.0.0.0, Culture=neutral, PublicKeyToken=b03f5f7f11d50a3a" codeBase="C:\Program Files\dotnet\sdk\6.0.405\vstest.console.dll" enabled="True" /></Loggers></LoggerRunSettings><DataCollectionRunSettings><DataCollectors><DataCollector friendlyName="blame" enabled="True"><Configuration><ResultsDirectory>C:\JuanCarlos\USIL\UnitTesting.Test\bin\Debug\netcoreapp3.1\fine-code-coverage\coverage-tool-output</ResultsDirectory></Configuration></DataCollector></DataCollectors></DataCollectionRunSettings></RunSettings> and sources System.Collections.Generic.List`1[System.String]: 
TpTrace Verbose: 0 : 14044, 1, 2023/05/22, 09:52:45.967, 2971420322798, vstest.console.dll, DataCollectionRequestSender.SendBeforeTestRunStartAndGetResult: Received message: (DataCollection.SendMessage) -> {"MessageType":"DataCollection.SendMessage","Payload":{"FriendlyName":null,"Uri":null,"TestCaseId":"00000000-0000-0000-0000-000000000000","Message":"Logging DataCollector Diagnostics in file: C:\\JuanCarlos\\USIL\\UnitTesting.Test\\bin\\Debug\\netcoreapp3.1\\fine-code-coverage\\coverage-tool-output\\diagnostics.datacollector.23-05-22_09-52-45_78210_1.log","Level":0}}
TpTrace Information: 0 : 14044, 1, 2023/05/22, 09:52:45.974, 2971420397967, vstest.console.dll, AssemblyResolver.OnResolve: Microsoft.VisualStudio.TestPlatform.Common.resources: Resolving assembly.
TpTrace Information: 0 : 14044, 1, 2023/05/22, 09:52:45.974, 2971420398843, vstest.console.dll, AssemblyResolver.OnResolve: Microsoft.VisualStudio.TestPlatform.Common.resources: Searching in: 'C:\Program Files\dotnet\sdk\6.0.405\Extensions'.
TpTrace Information: 0 : 14044, 1, 2023/05/22, 09:52:45.974, 2971420399479, vstest.console.dll, AssemblyResolver.OnResolve: Microsoft.VisualStudio.TestPlatform.Common.resources: Assembly path does not exist: 'C:\Program Files\dotnet\sdk\6.0.405\Extensions\Microsoft.VisualStudio.TestPlatform.Common.resources.dll', returning.
TpTrace Information: 0 : 14044, 1, 2023/05/22, 09:52:45.974, 2971420400136, vstest.console.dll, AssemblyResolver.OnResolve: Microsoft.VisualStudio.TestPlatform.Common.resources: Assembly path does not exist: 'C:\Program Files\dotnet\sdk\6.0.405\Extensions\Microsoft.VisualStudio.TestPlatform.Common.resources.exe', returning.
TpTrace Information: 0 : 14044, 1, 2023/05/22, 09:52:45.974, 2971420400412, vstest.console.dll, AssemblyResolver.OnResolve: Microsoft.VisualStudio.TestPlatform.Common.resources: Searching in: 'C:\Program Files\dotnet\sdk\6.0.405'.
TpTrace Information: 0 : 14044, 1, 2023/05/22, 09:52:45.974, 2971420400973, vstest.console.dll, AssemblyResolver.OnResolve: Microsoft.VisualStudio.TestPlatform.Common.resources: Assembly path does not exist: 'C:\Program Files\dotnet\sdk\6.0.405\Microsoft.VisualStudio.TestPlatform.Common.resources.dll', returning.
TpTrace Information: 0 : 14044, 1, 2023/05/22, 09:52:45.974, 2971420401495, vstest.console.dll, AssemblyResolver.OnResolve: Microsoft.VisualStudio.TestPlatform.Common.resources: Assembly path does not exist: 'C:\Program Files\dotnet\sdk\6.0.405\Microsoft.VisualStudio.TestPlatform.Common.resources.exe', returning.
TpTrace Information: 0 : 14044, 1, 2023/05/22, 09:52:45.974, 2971420401789, vstest.console.dll, AssemblyResolver.OnResolve: Microsoft.VisualStudio.TestPlatform.Common.resources: Failed to load assembly.
TpTrace Verbose: 0 : 14044, 1, 2023/05/22, 09:52:46.036, 2971421021163, vstest.console.dll, DataCollectionRequestSender.SendBeforeTestRunStartAndGetResult: Received message: (DataCollection.BeforeTestRunStartResult) -> {"MessageType":"DataCollection.BeforeTestRunStartResult","Payload":{"EnvironmentVariables":{},"DataCollectionEventsPort":54877}}
TpTrace Information: 0 : 14044, 1, 2023/05/22, 09:52:46.041, 2971421070001, vstest.console.dll, ProxyDataCollectionManager.BeforeTestRunStart: SendBeforeTestRunStartAndGetResult successful, env variable from datacollector:   and testhost port: 54877
TpTrace Information: 0 : 14044, 1, 2023/05/22, 09:52:46.041, 2971421071340, vstest.console.dll, ProxyDataCollectionManager.InvokeDataCollectionServiceAction: Completed.
TpTrace Verbose: 0 : 14044, 7, 2023/05/22, 09:52:46.042, 2971421072741, vstest.console.dll, ParallelProxyExecutionManager: Execution started. Started clients: 1
TpTrace Verbose: 0 : 14044, 1, 2023/05/22, 09:52:46.042, 2971421073193, vstest.console.dll, ProxyParallelExecutionManager: No sources available for execution.
TpTrace Information: 0 : 14044, 1, 2023/05/22, 09:52:46.042, 2971421073727, vstest.console.dll, TestRunRequest.ExecuteAsync: Started.
TpTrace Verbose: 0 : 14044, 1, 2023/05/22, 09:52:46.042, 2971421074487, vstest.console.dll, TestRunRequest.WaitForCompletion: Waiting with timeout -1.
TpTrace Verbose: 0 : 14044, 7, 2023/05/22, 09:52:46.042, 2971421075367, vstest.console.dll, TestRunRequest:SendTestRunMessage: Starting.
TpTrace Verbose: 0 : 14044, 7, 2023/05/22, 09:52:46.042, 2971421076784, vstest.console.dll, MulticastDelegateUtilities.SafeInvoke: TestRun.LogMessages: Invoking callback 1/1 for Microsoft.VisualStudio.TestPlatform.CommandLine.TestRunResultAggregator.TestRunMessageHandler, took 0 ms.
TpTrace Verbose: 0 : 14044, 4, 2023/05/22, 09:52:46.042, 2971421076851, vstest.console.dll, MulticastDelegateUtilities.SafeInvoke: InternalTestLoggerEvents.SendTestRunMessage: Invoking callback 1/1 for Microsoft.VisualStudio.TestPlatform.CommandLine.Internal.ConsoleLogger.TestMessageHandler, took 0 ms.
TpTrace Information: 0 : 14044, 7, 2023/05/22, 09:52:46.042, 2971421077177, vstest.console.dll, TestRunRequest:SendTestRunMessage: Completed.
TpTrace Verbose: 0 : 14044, 7, 2023/05/22, 09:52:46.042, 2971421079992, vstest.console.dll, ProxyExecutionManager: Test host is always Lazy initialize.
TpTrace Verbose: 0 : 14044, 7, 2023/05/22, 09:52:46.042, 2971421082090, vstest.console.dll, TestRequestSender.InitializeCommunication: initialize communication. 
TpTrace Information: 0 : 14044, 7, 2023/05/22, 09:52:46.043, 2971421086685, vstest.console.dll, SocketServer.Start: Listening on endpoint : 127.0.0.1:54878
TpTrace Verbose: 0 : 14044, 7, 2023/05/22, 09:52:46.044, 2971421092881, vstest.console.dll, DotnetTestHostmanager.GetTestHostProcessStartInfo: Platform environment 'X64' target architecture 'X64' framework '.NETCoreApp,Version=v3.1' OS 'Windows'
TpTrace Verbose: 0 : 14044, 7, 2023/05/22, 09:52:46.044, 2971421094357, vstest.console.dll, DotnetTestHostmanager: Adding  --runtimeconfig "C:\JuanCarlos\USIL\UnitTesting.Test\bin\Debug\netcoreapp3.1\fine-code-coverage\build-output\UnitTesting.Test.runtimeconfig.json" in args
TpTrace Verbose: 0 : 14044, 7, 2023/05/22, 09:52:46.044, 2971421095716, vstest.console.dll, DotnetTestHostmanager: Adding  --depsfile "C:\JuanCarlos\USIL\UnitTesting.Test\bin\Debug\netcoreapp3.1\fine-code-coverage\build-output\UnitTesting.Test.deps.json" in args
TpTrace Verbose: 0 : 14044, 7, 2023/05/22, 09:52:46.044, 2971421096977, vstest.console.dll, DotnetTestHostmanager.IsWinOnArm: Current PROCESSOR_ARCHITECTURE from environment variable 'AMD64'
TpTrace Verbose: 0 : 14044, 7, 2023/05/22, 09:52:46.044, 2971421097657, vstest.console.dll, DotnetTestHostmanager.IsWinOnArm: Is Windows on ARM 'False'
TpTrace Information: 0 : 14044, 7, 2023/05/22, 09:52:46.044, 2971421099143, vstest.console.dll, AssemblyResolver.OnResolve: Microsoft.Extensions.DependencyModel: Resolving assembly.
TpTrace Information: 0 : 14044, 7, 2023/05/22, 09:52:46.044, 2971421099878, vstest.console.dll, AssemblyResolver.OnResolve: Microsoft.Extensions.DependencyModel: Searching in: 'C:\Program Files\dotnet\sdk\6.0.405\Extensions'.
TpTrace Information: 0 : 14044, 7, 2023/05/22, 09:52:46.044, 2971421100485, vstest.console.dll, AssemblyResolver.OnResolve: Microsoft.Extensions.DependencyModel: Assembly path does not exist: 'C:\Program Files\dotnet\sdk\6.0.405\Extensions\Microsoft.Extensions.DependencyModel.dll', returning.
TpTrace Information: 0 : 14044, 7, 2023/05/22, 09:52:46.044, 2971421101245, vstest.console.dll, AssemblyResolver.OnResolve: Microsoft.Extensions.DependencyModel: Assembly path does not exist: 'C:\Program Files\dotnet\sdk\6.0.405\Extensions\Microsoft.Extensions.DependencyModel.exe', returning.
TpTrace Information: 0 : 14044, 7, 2023/05/22, 09:52:46.044, 2971421101614, vstest.console.dll, AssemblyResolver.OnResolve: Microsoft.Extensions.DependencyModel: Searching in: 'C:\Program Files\dotnet\sdk\6.0.405'.
TpTrace Information: 0 : 14044, 7, 2023/05/22, 09:52:46.045, 2971421106370, vstest.console.dll, AssemblyResolver.OnResolve: Microsoft.Extensions.DependencyModel: Loading assembly 'C:\Program Files\dotnet\sdk\6.0.405\Microsoft.Extensions.DependencyModel.dll'.
TpTrace Information: 0 : 14044, 7, 2023/05/22, 09:52:46.045, 2971421112283, vstest.console.dll, AssemblyResolver.OnResolve: Resolved assembly: Microsoft.Extensions.DependencyModel, from path: C:\Program Files\dotnet\sdk\6.0.405\Microsoft.Extensions.DependencyModel.dll
TpTrace Verbose: 0 : 14044, 7, 2023/05/22, 09:52:46.046, 2971421114792, vstest.console.dll, DotnetTestHostmanager: Reading file C:\JuanCarlos\USIL\UnitTesting.Test\bin\Debug\netcoreapp3.1\fine-code-coverage\build-output\UnitTesting.Test.deps.json to get path of testhost.dll
TpTrace Verbose: 0 : 14044, 7, 2023/05/22, 09:52:46.067, 2971421325311, vstest.console.dll, DotnetTestHostmanager: Relative path of testhost.dll with respect to package folder is microsoft.testplatform.testhost/16.5.0\lib/netcoreapp2.1/testhost.dll
TpTrace Verbose: 0 : 14044, 7, 2023/05/22, 09:52:46.067, 2971421332376, vstest.console.dll, DotnetTestHostmanager: Looking for path microsoft.testplatform.testhost/16.5.0\lib/netcoreapp2.1/testhost.dll in folder C:\Users\Juan Carlos\.dotnet\store\|arch|\|tfm|
TpTrace Verbose: 0 : 14044, 7, 2023/05/22, 09:52:46.068, 2971421333476, vstest.console.dll, DotnetTestHostmanager: Looking for path microsoft.testplatform.testhost/16.5.0\lib/netcoreapp2.1/testhost.dll in folder C:\Users\Juan Carlos\.nuget\packages
TpTrace Verbose: 0 : 14044, 7, 2023/05/22, 09:52:46.068, 2971421334340, vstest.console.dll, DotnetTestHostmanager: Found testhost.dll in C:\Users\Juan Carlos\.nuget\packages\microsoft.testplatform.testhost/16.5.0\lib/netcoreapp2.1/testhost.dll
TpTrace Verbose: 0 : 14044, 7, 2023/05/22, 09:52:46.068, 2971421335642, vstest.console.dll, DotnetTestHostManager: Testhost.exe/testhost.x86.exe found at path: C:\Users\Juan Carlos\.nuget\packages\microsoft.testplatform.testhost\16.5.0\build\netcoreapp2.1\x64\testhost.exe
TpTrace Verbose: 0 : 14044, 7, 2023/05/22, 09:52:46.068, 2971421336056, vstest.console.dll, DotnetTestHostmanager: Full path of host exe is C:\Users\Juan Carlos\.nuget\packages\microsoft.testplatform.testhost\16.5.0\build\netcoreapp2.1\x64\testhost.exe
TpTrace Verbose: 0 : 14044, 7, 2023/05/22, 09:52:46.068, 2971421337148, vstest.console.dll, DotnetTestHostmanager.LaunchTestHostAsync: Found 'VSTEST_WINAPPHOST_DOTNET_ROOT' in env variables, value 'C:\Program Files\dotnet', forwarding to 'DOTNET_ROOT'
TpTrace Verbose: 0 : 14044, 7, 2023/05/22, 09:52:46.068, 2971421338388, vstest.console.dll, DotnetTestHostManager: Starting process 'C:\Users\Juan Carlos\.nuget\packages\microsoft.testplatform.testhost\16.5.0\build\netcoreapp2.1\x64\testhost.exe' with command line ' --runtimeconfig "C:\JuanCarlos\USIL\UnitTesting.Test\bin\Debug\netcoreapp3.1\fine-code-coverage\build-output\UnitTesting.Test.runtimeconfig.json" --depsfile "C:\JuanCarlos\USIL\UnitTesting.Test\bin\Debug\netcoreapp3.1\fine-code-coverage\build-output\UnitTesting.Test.deps.json" --port 54878 --endpoint 127.0.0.1:054878 --role client --parentprocessid 14044 --diag "C:\JuanCarlos\USIL\UnitTesting.Test\bin\Debug\netcoreapp3.1\fine-code-coverage\coverage-tool-output\diagnostics.host.23-05-22_09-52-46_04376_7.log" --tracelevel 4 --datacollectionport 54877 --telemetryoptedin false'
TpTrace Verbose: 0 : 14044, 7, 2023/05/22, 09:52:46.077, 2971421422817, vstest.console.dll, MulticastDelegateUtilities.SafeInvoke: HostProviderEvents.OnHostLaunched: Invoking callback 1/2 for Microsoft.VisualStudio.TestPlatform.CrossPlatEngine.Client.ProxyExecutionManagerWithDataCollection.TestHostLaunchedHandler, took 1 ms.
TpTrace Verbose: 0 : 14044, 7, 2023/05/22, 09:52:46.077, 2971421423876, vstest.console.dll, Test Runtime launched
TpTrace Verbose: 0 : 14044, 7, 2023/05/22, 09:52:46.077, 2971421424610, vstest.console.dll, MulticastDelegateUtilities.SafeInvoke: HostProviderEvents.OnHostLaunched: Invoking callback 2/2 for Microsoft.VisualStudio.TestPlatform.CrossPlatEngine.Client.ProxyOperationManager.TestHostManagerHostLaunched, took 0 ms.
TpTrace Verbose: 0 : 14044, 7, 2023/05/22, 09:52:46.077, 2971421426159, vstest.console.dll, TestRequestSender.WaitForRequestHandlerConnection: waiting for connection with timeout: 90000.
TpTrace Verbose: 0 : 14044, 7, 2023/05/22, 09:52:46.232, 2971422980094, vstest.console.dll, TestRequestSender.WaitForRequestHandlerConnection: waiting took 155 ms, with timeout 90000 ms, and result 0, which is success.
TpTrace Verbose: 0 : 14044, 13, 2023/05/22, 09:52:46.232, 2971422980134, vstest.console.dll, MulticastDelegateUtilities.SafeInvoke: SocketServer: ClientConnected: Invoking callback 1/1 for Microsoft.VisualStudio.TestPlatform.CommunicationUtilities.TestRequestSender.<InitializeCommunication>b__24_0, took 0 ms.
TpTrace Verbose: 0 : 14044, 13, 2023/05/22, 09:52:46.232, 2971422981546, vstest.console.dll, SocketServer.OnClientConnected: Client connected for endPoint: 127.0.0.1:54878, starting MessageLoopAsync:
TpTrace Verbose: 0 : 14044, 10, 2023/05/22, 09:52:46.233, 2971422985646, vstest.console.dll, TcpClientExtensions.MessageLoopAsync: Polling on remoteEndPoint: 127.0.0.1:54879 localEndPoint: 127.0.0.1:54878
TpTrace Verbose: 0 : 14044, 7, 2023/05/22, 09:52:46.233, 2971422992556, vstest.console.dll, TestRequestSender.CheckVersionWithTestHost: Sending check version message: {"MessageType":"ProtocolVersion","Payload":7}
TpTrace Verbose: 0 : 14044, 10, 2023/05/22, 09:52:46.362, 2971424279499, vstest.console.dll, TcpClientExtensions.MessageLoopAsync: NotifyDataAvailable remoteEndPoint: 127.0.0.1:54879 localEndPoint: 127.0.0.1:54878
TpTrace Verbose: 0 : 14044, 10, 2023/05/22, 09:52:46.362, 2971424281516, vstest.console.dll, TestRequestSender.CheckVersionWithTestHost: onMessageReceived received message: (ProtocolVersion) -> {"MessageType":"ProtocolVersion","Payload":2}
TpTrace Verbose: 0 : 14044, 10, 2023/05/22, 09:52:46.363, 2971424288567, vstest.console.dll, MulticastDelegateUtilities.SafeInvoke: LengthPrefixCommunicationChannel: MessageReceived: Invoking callback 1/1 for Microsoft.VisualStudio.TestPlatform.CommunicationUtilities.TestRequestSender+<>c__DisplayClass26_0.<CheckVersionWithTestHost>b__0, took 0 ms.
TpTrace Verbose: 0 : 14044, 10, 2023/05/22, 09:52:46.363, 2971424289339, vstest.console.dll, TcpClientExtensions.MessageLoopAsync: Polling on remoteEndPoint: 127.0.0.1:54879 localEndPoint: 127.0.0.1:54878
TpTrace Verbose: 0 : 14044, 7, 2023/05/22, 09:52:46.363, 2971424289326, vstest.console.dll, TestPluginCache.GetExtensionPaths: Filtered extension paths: 
TpTrace Verbose: 0 : 14044, 7, 2023/05/22, 09:52:46.363, 2971424290171, vstest.console.dll, TestPluginCache.GetExtensionPaths: Added default extension paths: C:\Program Files\dotnet\sdk\6.0.405\Extensions\Microsoft.Diagnostics.NETCore.Client.dll
C:\Program Files\dotnet\sdk\6.0.405\Extensions\Microsoft.TestPlatform.Extensions.BlameDataCollector.dll
C:\Program Files\dotnet\sdk\6.0.405\Extensions\Microsoft.TestPlatform.Extensions.EventLogCollector.dll
C:\Program Files\dotnet\sdk\6.0.405\Extensions\Microsoft.TestPlatform.TestHostRuntimeProvider.dll
C:\Program Files\dotnet\sdk\6.0.405\Extensions\Microsoft.VisualStudio.TestPlatform.Extensions.Html.TestLogger.dll
C:\Program Files\dotnet\sdk\6.0.405\Extensions\Microsoft.VisualStudio.TestPlatform.Extensions.Trx.TestLogger.dll
TpTrace Verbose: 0 : 14044, 7, 2023/05/22, 09:52:46.363, 2971424290509, vstest.console.dll, TestPluginCache.GetExtensionPaths: Added unfilterableExtensionPaths: 
TpTrace Verbose: 0 : 14044, 7, 2023/05/22, 09:52:46.366, 2971424317553, vstest.console.dll, TestRequestSender.InitializeExecution: Sending initialize execution with message: {"Version":2,"MessageType":"TestExecution.Initialize","Payload":["C:\\JuanCarlos\\USIL\\UnitTesting.Test\\bin\\Debug\\netcoreapp3.1\\fine-code-coverage\\build-output\\xunit.runner.visualstudio.dotnetcore.testadapter.dll"]}
TpTrace Warning: 0 : 14044, 7, 2023/05/22, 09:52:46.366, 2971424321002, vstest.console.dll, InferRunSettingsHelper.MakeRunsettingsCompatible: Removing the following settings: TargetPlatform from RunSettings file. To use those settings please move to latest version of Microsoft.NET.Test.Sdk
TpTrace Verbose: 0 : 14044, 7, 2023/05/22, 09:52:46.373, 2971424383373, vstest.console.dll, TestRequestSender.StartTestRun: Sending test run with message: {"Version":2,"MessageType":"TestExecution.StartWithSources","Payload":{"AdapterSourceMap":{"_none_":["C:\\JuanCarlos\\USIL\\UnitTesting.Test\\bin\\Debug\\netcoreapp3.1\\fine-code-coverage\\build-output\\UnitTesting.Test.dll"]},"RunSettings":"<RunSettings>\r\n  <RunConfiguration>\r\n    <ResultsDirectory>C:\\JuanCarlos\\USIL\\UnitTesting.Test\\bin\\Debug\\netcoreapp3.1\\fine-code-coverage\\coverage-tool-output</ResultsDirectory>\r\n    <TargetFrameworkVersion>.NETCoreApp,Version=v3.1</TargetFrameworkVersion>\r\n    <DesignMode>False</DesignMode>\r\n    <CollectSourceInformation>False</CollectSourceInformation>\r\n  </RunConfiguration>\r\n  <LoggerRunSettings>\r\n    <Loggers>\r\n      <Logger friendlyName=\"blame\" enabled=\"True\" />\r\n      <Logger friendlyName=\"Console\" uri=\"logger://microsoft/TestPlatform/ConsoleLogger/v1\" assemblyQualifiedName=\"Microsoft.VisualStudio.TestPlatform.CommandLine.Internal.ConsoleLogger, vstest.console, Version=15.0.0.0, Culture=neutral, PublicKeyToken=b03f5f7f11d50a3a\" codeBase=\"C:\\Program Files\\dotnet\\sdk\\6.0.405\\vstest.console.dll\" enabled=\"True\" />\r\n    </Loggers>\r\n  </LoggerRunSettings>\r\n  <DataCollectionRunSettings>\r\n    <DataCollectors>\r\n      <DataCollector friendlyName=\"blame\" enabled=\"True\">\r\n        <Configuration>\r\n          <ResultsDirectory>C:\\JuanCarlos\\USIL\\UnitTesting.Test\\bin\\Debug\\netcoreapp3.1\\fine-code-coverage\\coverage-tool-output</ResultsDirectory>\r\n        </Configuration>\r\n      </DataCollector>\r\n    </DataCollectors>\r\n  </DataCollectionRunSettings>\r\n</RunSettings>","TestExecutionContext":{"FrequencyOfRunStatsChangeEvent":10,"RunStatsChangeEventTimeout":"00:00:01.5000000","InIsolation":false,"KeepAlive":false,"AreTestCaseLevelEventsRequired":false,"IsDebug":false,"TestCaseFilter":null,"FilterOptions":null},"Package":null}}
TpTrace Verbose: 0 : 14044, 10, 2023/05/22, 09:52:46.374, 2971424394854, vstest.console.dll, TcpClientExtensions.MessageLoopAsync: NotifyDataAvailable remoteEndPoint: 127.0.0.1:54879 localEndPoint: 127.0.0.1:54878
TpTrace Verbose: 0 : 14044, 10, 2023/05/22, 09:52:46.374, 2971424395681, vstest.console.dll, TestRequestSender.OnExecutionMessageReceived: Received message: {"Version":2,"MessageType":"TestSession.Message","Payload":{"MessageLevel":0,"Message":"Registrando diagnstico de TestHost en el archivo: C:\\JuanCarlos\\USIL\\UnitTesting.Test\\bin\\Debug\\netcoreapp3.1\\fine-code-coverage\\coverage-tool-output\\diagnostics.host.23-05-22_09-52-46_04376_7.log"}}
TpTrace Verbose: 0 : 14044, 10, 2023/05/22, 09:52:46.376, 2971424416974, vstest.console.dll, TestRunRequest:SendTestRunMessage: Starting.
TpTrace Verbose: 0 : 14044, 10, 2023/05/22, 09:52:46.376, 2971424418286, vstest.console.dll, MulticastDelegateUtilities.SafeInvoke: TestRun.LogMessages: Invoking callback 1/1 for Microsoft.VisualStudio.TestPlatform.CommandLine.TestRunResultAggregator.TestRunMessageHandler, took 0 ms.
TpTrace Verbose: 0 : 14044, 4, 2023/05/22, 09:52:46.376, 2971424418508, vstest.console.dll, MulticastDelegateUtilities.SafeInvoke: InternalTestLoggerEvents.SendTestRunMessage: Invoking callback 1/1 for Microsoft.VisualStudio.TestPlatform.CommandLine.Internal.ConsoleLogger.TestMessageHandler, took 0 ms.
TpTrace Information: 0 : 14044, 10, 2023/05/22, 09:52:46.376, 2971424418629, vstest.console.dll, TestRunRequest:SendTestRunMessage: Completed.
TpTrace Verbose: 0 : 14044, 10, 2023/05/22, 09:52:46.376, 2971424419852, vstest.console.dll, MulticastDelegateUtilities.SafeInvoke: LengthPrefixCommunicationChannel: MessageReceived: Invoking callback 1/1 for Microsoft.VisualStudio.TestPlatform.CommunicationUtilities.TestRequestSender+<>c__DisplayClass31_0.<StartTestRun>b__1, took 2 ms.
TpTrace Verbose: 0 : 14044, 10, 2023/05/22, 09:52:46.376, 2971424420152, vstest.console.dll, TcpClientExtensions.MessageLoopAsync: Polling on remoteEndPoint: 127.0.0.1:54879 localEndPoint: 127.0.0.1:54878
TpTrace Verbose: 0 : 14044, 10, 2023/05/22, 09:52:46.495, 2971425603810, vstest.console.dll, TcpClientExtensions.MessageLoopAsync: NotifyDataAvailable remoteEndPoint: 127.0.0.1:54879 localEndPoint: 127.0.0.1:54878
TpTrace Verbose: 0 : 14044, 10, 2023/05/22, 09:52:46.495, 2971425605009, vstest.console.dll, TestRequestSender.OnExecutionMessageReceived: Received message: {"Version":2,"MessageType":"TestSession.Message","Payload":{"MessageLevel":0,"Message":"[xUnit.net 00:00:00.00] xUnit.net VSTest Adapter v2.4.0 (64-bit .NET Core 3.1.32)"}}
TpTrace Verbose: 0 : 14044, 10, 2023/05/22, 09:52:46.495, 2971425606386, vstest.console.dll, TestRunRequest:SendTestRunMessage: Starting.
TpTrace Verbose: 0 : 14044, 10, 2023/05/22, 09:52:46.495, 2971425606890, vstest.console.dll, MulticastDelegateUtilities.SafeInvoke: TestRun.LogMessages: Invoking callback 1/1 for Microsoft.VisualStudio.TestPlatform.CommandLine.TestRunResultAggregator.TestRunMessageHandler, took 0 ms.
TpTrace Information: 0 : 14044, 10, 2023/05/22, 09:52:46.495, 2971425607158, vstest.console.dll, TestRunRequest:SendTestRunMessage: Completed.
TpTrace Verbose: 0 : 14044, 4, 2023/05/22, 09:52:46.495, 2971425607151, vstest.console.dll, MulticastDelegateUtilities.SafeInvoke: InternalTestLoggerEvents.SendTestRunMessage: Invoking callback 1/1 for Microsoft.VisualStudio.TestPlatform.CommandLine.Internal.ConsoleLogger.TestMessageHandler, took 0 ms.
TpTrace Verbose: 0 : 14044, 10, 2023/05/22, 09:52:46.495, 2971425608260, vstest.console.dll, MulticastDelegateUtilities.SafeInvoke: LengthPrefixCommunicationChannel: MessageReceived: Invoking callback 1/1 for Microsoft.VisualStudio.TestPlatform.CommunicationUtilities.TestRequestSender+<>c__DisplayClass31_0.<StartTestRun>b__1, took 0 ms.
TpTrace Verbose: 0 : 14044, 10, 2023/05/22, 09:52:46.495, 2971425608660, vstest.console.dll, TcpClientExtensions.MessageLoopAsync: Polling on remoteEndPoint: 127.0.0.1:54879 localEndPoint: 127.0.0.1:54878
TpTrace Verbose: 0 : 14044, 10, 2023/05/22, 09:52:47.052, 2971431179789, vstest.console.dll, TcpClientExtensions.MessageLoopAsync: NotifyDataAvailable remoteEndPoint: 127.0.0.1:54879 localEndPoint: 127.0.0.1:54878
TpTrace Verbose: 0 : 14044, 10, 2023/05/22, 09:52:47.052, 2971431181232, vstest.console.dll, TestRequestSender.OnExecutionMessageReceived: Received message: {"Version":2,"MessageType":"TestSession.Message","Payload":{"MessageLevel":0,"Message":"[xUnit.net 00:00:00.56]   Discovering: UnitTesting.Test"}}
TpTrace Verbose: 0 : 14044, 10, 2023/05/22, 09:52:47.052, 2971431182271, vstest.console.dll, TestRunRequest:SendTestRunMessage: Starting.
TpTrace Verbose: 0 : 14044, 10, 2023/05/22, 09:52:47.053, 2971431182870, vstest.console.dll, MulticastDelegateUtilities.SafeInvoke: TestRun.LogMessages: Invoking callback 1/1 for Microsoft.VisualStudio.TestPlatform.CommandLine.TestRunResultAggregator.TestRunMessageHandler, took 0 ms.
TpTrace Information: 0 : 14044, 10, 2023/05/22, 09:52:47.053, 2971431183210, vstest.console.dll, TestRunRequest:SendTestRunMessage: Completed.
TpTrace Verbose: 0 : 14044, 4, 2023/05/22, 09:52:47.053, 2971431183146, vstest.console.dll, MulticastDelegateUtilities.SafeInvoke: InternalTestLoggerEvents.SendTestRunMessage: Invoking callback 1/1 for Microsoft.VisualStudio.TestPlatform.CommandLine.Internal.ConsoleLogger.TestMessageHandler, took 0 ms.
TpTrace Verbose: 0 : 14044, 10, 2023/05/22, 09:52:47.053, 2971431183562, vstest.console.dll, MulticastDelegateUtilities.SafeInvoke: LengthPrefixCommunicationChannel: MessageReceived: Invoking callback 1/1 for Microsoft.VisualStudio.TestPlatform.CommunicationUtilities.TestRequestSender+<>c__DisplayClass31_0.<StartTestRun>b__1, took 0 ms.
TpTrace Verbose: 0 : 14044, 10, 2023/05/22, 09:52:47.053, 2971431184754, vstest.console.dll, TcpClientExtensions.MessageLoopAsync: Polling on remoteEndPoint: 127.0.0.1:54879 localEndPoint: 127.0.0.1:54878
TpTrace Verbose: 0 : 14044, 10, 2023/05/22, 09:52:47.082, 2971431481636, vstest.console.dll, TcpClientExtensions.MessageLoopAsync: NotifyDataAvailable remoteEndPoint: 127.0.0.1:54879 localEndPoint: 127.0.0.1:54878
TpTrace Verbose: 0 : 14044, 10, 2023/05/22, 09:52:47.083, 2971431483011, vstest.console.dll, TestRequestSender.OnExecutionMessageReceived: Received message: {"Version":2,"MessageType":"TestSession.Message","Payload":{"MessageLevel":0,"Message":"[xUnit.net 00:00:00.59]   Discovered:  UnitTesting.Test"}}
TpTrace Verbose: 0 : 14044, 10, 2023/05/22, 09:52:47.083, 2971431484113, vstest.console.dll, TestRunRequest:SendTestRunMessage: Starting.
TpTrace Verbose: 0 : 14044, 10, 2023/05/22, 09:52:47.083, 2971431484667, vstest.console.dll, MulticastDelegateUtilities.SafeInvoke: TestRun.LogMessages: Invoking callback 1/1 for Microsoft.VisualStudio.TestPlatform.CommandLine.TestRunResultAggregator.TestRunMessageHandler, took 0 ms.
TpTrace Verbose: 0 : 14044, 4, 2023/05/22, 09:52:47.083, 2971431484800, vstest.console.dll, MulticastDelegateUtilities.SafeInvoke: InternalTestLoggerEvents.SendTestRunMessage: Invoking callback 1/1 for Microsoft.VisualStudio.TestPlatform.CommandLine.Internal.ConsoleLogger.TestMessageHandler, took 0 ms.
TpTrace Information: 0 : 14044, 10, 2023/05/22, 09:52:47.083, 2971431485542, vstest.console.dll, TestRunRequest:SendTestRunMessage: Completed.
TpTrace Verbose: 0 : 14044, 10, 2023/05/22, 09:52:47.083, 2971431485947, vstest.console.dll, MulticastDelegateUtilities.SafeInvoke: LengthPrefixCommunicationChannel: MessageReceived: Invoking callback 1/1 for Microsoft.VisualStudio.TestPlatform.CommunicationUtilities.TestRequestSender+<>c__DisplayClass31_0.<StartTestRun>b__1, took 0 ms.
TpTrace Verbose: 0 : 14044, 10, 2023/05/22, 09:52:47.083, 2971431486389, vstest.console.dll, TcpClientExtensions.MessageLoopAsync: Polling on remoteEndPoint: 127.0.0.1:54879 localEndPoint: 127.0.0.1:54878
TpTrace Verbose: 0 : 14044, 10, 2023/05/22, 09:52:47.084, 2971431502124, vstest.console.dll, TcpClientExtensions.MessageLoopAsync: NotifyDataAvailable remoteEndPoint: 127.0.0.1:54879 localEndPoint: 127.0.0.1:54878
TpTrace Verbose: 0 : 14044, 10, 2023/05/22, 09:52:47.085, 2971431502815, vstest.console.dll, TestRequestSender.OnExecutionMessageReceived: Received message: {"Version":2,"MessageType":"TestSession.Message","Payload":{"MessageLevel":0,"Message":"[xUnit.net 00:00:00.59]   Starting:    UnitTesting.Test"}}
TpTrace Verbose: 0 : 14044, 10, 2023/05/22, 09:52:47.085, 2971431503840, vstest.console.dll, TestRunRequest:SendTestRunMessage: Starting.
TpTrace Verbose: 0 : 14044, 10, 2023/05/22, 09:52:47.085, 2971431504336, vstest.console.dll, MulticastDelegateUtilities.SafeInvoke: TestRun.LogMessages: Invoking callback 1/1 for Microsoft.VisualStudio.TestPlatform.CommandLine.TestRunResultAggregator.TestRunMessageHandler, took 0 ms.
TpTrace Information: 0 : 14044, 10, 2023/05/22, 09:52:47.085, 2971431505018, vstest.console.dll, TestRunRequest:SendTestRunMessage: Completed.
TpTrace Verbose: 0 : 14044, 4, 2023/05/22, 09:52:47.085, 2971431504433, vstest.console.dll, MulticastDelegateUtilities.SafeInvoke: InternalTestLoggerEvents.SendTestRunMessage: Invoking callback 1/1 for Microsoft.VisualStudio.TestPlatform.CommandLine.Internal.ConsoleLogger.TestMessageHandler, took 0 ms.
TpTrace Verbose: 0 : 14044, 10, 2023/05/22, 09:52:47.085, 2971431505382, vstest.console.dll, MulticastDelegateUtilities.SafeInvoke: LengthPrefixCommunicationChannel: MessageReceived: Invoking callback 1/1 for Microsoft.VisualStudio.TestPlatform.CommunicationUtilities.TestRequestSender+<>c__DisplayClass31_0.<StartTestRun>b__1, took 0 ms.
TpTrace Verbose: 0 : 14044, 10, 2023/05/22, 09:52:47.085, 2971431506611, vstest.console.dll, TcpClientExtensions.MessageLoopAsync: Polling on remoteEndPoint: 127.0.0.1:54879 localEndPoint: 127.0.0.1:54878
TpTrace Verbose: 0 : 14044, 10, 2023/05/22, 09:52:47.152, 2971432176691, vstest.console.dll, TcpClientExtensions.MessageLoopAsync: NotifyDataAvailable remoteEndPoint: 127.0.0.1:54879 localEndPoint: 127.0.0.1:54878
TpTrace Verbose: 0 : 14044, 10, 2023/05/22, 09:52:47.152, 2971432178403, vstest.console.dll, TestRequestSender.OnExecutionMessageReceived: Received message: {"Version":2,"MessageType":"TestSession.Message","Payload":{"MessageLevel":2,"Message":"[xUnit.net 00:00:00.66]     UnitTesting.Test.ValidarGets.ValidarCapacidadArchivoPLano [FAIL]"}}
TpTrace Verbose: 0 : 14044, 10, 2023/05/22, 09:52:47.152, 2971432179725, vstest.console.dll, TestRunRequest:SendTestRunMessage: Starting.
TpTrace Verbose: 0 : 14044, 10, 2023/05/22, 09:52:47.152, 2971432180551, vstest.console.dll, MulticastDelegateUtilities.SafeInvoke: TestRun.LogMessages: Invoking callback 1/1 for Microsoft.VisualStudio.TestPlatform.CommandLine.TestRunResultAggregator.TestRunMessageHandler, took 0 ms.
TpTrace Information: 0 : 14044, 10, 2023/05/22, 09:52:47.152, 2971432181002, vstest.console.dll, TestRunRequest:SendTestRunMessage: Completed.
TpTrace Verbose: 0 : 14044, 10, 2023/05/22, 09:52:47.152, 2971432181471, vstest.console.dll, MulticastDelegateUtilities.SafeInvoke: LengthPrefixCommunicationChannel: MessageReceived: Invoking callback 1/1 for Microsoft.VisualStudio.TestPlatform.CommunicationUtilities.TestRequestSender+<>c__DisplayClass31_0.<StartTestRun>b__1, took 0 ms.
TpTrace Verbose: 0 : 14044, 4, 2023/05/22, 09:52:47.152, 2971432181891, vstest.console.dll, MulticastDelegateUtilities.SafeInvoke: InternalTestLoggerEvents.SendTestRunMessage: Invoking callback 1/1 for Microsoft.VisualStudio.TestPlatform.CommandLine.Internal.ConsoleLogger.TestMessageHandler, took 0 ms.
TpTrace Verbose: 0 : 14044, 10, 2023/05/22, 09:52:47.152, 2971432182672, vstest.console.dll, TcpClientExtensions.MessageLoopAsync: Polling on remoteEndPoint: 127.0.0.1:54879 localEndPoint: 127.0.0.1:54878
TpTrace Verbose: 0 : 14044, 10, 2023/05/22, 09:52:47.153, 2971432186127, vstest.console.dll, TcpClientExtensions.MessageLoopAsync: NotifyDataAvailable remoteEndPoint: 127.0.0.1:54879 localEndPoint: 127.0.0.1:54878
TpTrace Verbose: 0 : 14044, 10, 2023/05/22, 09:52:47.153, 2971432186872, vstest.console.dll, TestRequestSender.OnExecutionMessageReceived: Received message: {"Version":2,"MessageType":"TestSession.Message","Payload":{"MessageLevel":0,"Message":"[xUnit.net 00:00:00.66]       System.NullReferenceException : Object reference not set to an instance of an object."}}
TpTrace Verbose: 0 : 14044, 10, 2023/05/22, 09:52:47.153, 2971432187731, vstest.console.dll, TestRunRequest:SendTestRunMessage: Starting.
TpTrace Verbose: 0 : 14044, 10, 2023/05/22, 09:52:47.153, 2971432188320, vstest.console.dll, MulticastDelegateUtilities.SafeInvoke: TestRun.LogMessages: Invoking callback 1/1 for Microsoft.VisualStudio.TestPlatform.CommandLine.TestRunResultAggregator.TestRunMessageHandler, took 0 ms.
TpTrace Verbose: 0 : 14044, 4, 2023/05/22, 09:52:47.153, 2971432188498, vstest.console.dll, MulticastDelegateUtilities.SafeInvoke: InternalTestLoggerEvents.SendTestRunMessage: Invoking callback 1/1 for Microsoft.VisualStudio.TestPlatform.CommandLine.Internal.ConsoleLogger.TestMessageHandler, took 0 ms.
TpTrace Information: 0 : 14044, 10, 2023/05/22, 09:52:47.153, 2971432188753, vstest.console.dll, TestRunRequest:SendTestRunMessage: Completed.
TpTrace Verbose: 0 : 14044, 10, 2023/05/22, 09:52:47.153, 2971432190177, vstest.console.dll, MulticastDelegateUtilities.SafeInvoke: LengthPrefixCommunicationChannel: MessageReceived: Invoking callback 1/1 for Microsoft.VisualStudio.TestPlatform.CommunicationUtilities.TestRequestSender+<>c__DisplayClass31_0.<StartTestRun>b__1, took 0 ms.
TpTrace Verbose: 0 : 14044, 10, 2023/05/22, 09:52:47.153, 2971432190478, vstest.console.dll, TcpClientExtensions.MessageLoopAsync: Polling on remoteEndPoint: 127.0.0.1:54879 localEndPoint: 127.0.0.1:54878
TpTrace Verbose: 0 : 14044, 10, 2023/05/22, 09:52:47.154, 2971432193599, vstest.console.dll, TcpClientExtensions.MessageLoopAsync: NotifyDataAvailable remoteEndPoint: 127.0.0.1:54879 localEndPoint: 127.0.0.1:54878
TpTrace Verbose: 0 : 14044, 10, 2023/05/22, 09:52:47.154, 2971432194169, vstest.console.dll, TestRequestSender.OnExecutionMessageReceived: Received message: {"Version":2,"MessageType":"TestSession.Message","Payload":{"MessageLevel":0,"Message":"[xUnit.net 00:00:00.66]       Stack Trace:"}}
TpTrace Verbose: 0 : 14044, 10, 2023/05/22, 09:52:47.154, 2971432194778, vstest.console.dll, TestRunRequest:SendTestRunMessage: Starting.
TpTrace Verbose: 0 : 14044, 10, 2023/05/22, 09:52:47.154, 2971432195183, vstest.console.dll, MulticastDelegateUtilities.SafeInvoke: TestRun.LogMessages: Invoking callback 1/1 for Microsoft.VisualStudio.TestPlatform.CommandLine.TestRunResultAggregator.TestRunMessageHandler, took 0 ms.
TpTrace Verbose: 0 : 14044, 4, 2023/05/22, 09:52:47.154, 2971432195302, vstest.console.dll, MulticastDelegateUtilities.SafeInvoke: InternalTestLoggerEvents.SendTestRunMessage: Invoking callback 1/1 for Microsoft.VisualStudio.TestPlatform.CommandLine.Internal.ConsoleLogger.TestMessageHandler, took 0 ms.
TpTrace Information: 0 : 14044, 10, 2023/05/22, 09:52:47.154, 2971432195444, vstest.console.dll, TestRunRequest:SendTestRunMessage: Completed.
TpTrace Verbose: 0 : 14044, 10, 2023/05/22, 09:52:47.154, 2971432196100, vstest.console.dll, MulticastDelegateUtilities.SafeInvoke: LengthPrefixCommunicationChannel: MessageReceived: Invoking callback 1/1 for Microsoft.VisualStudio.TestPlatform.CommunicationUtilities.TestRequestSender+<>c__DisplayClass31_0.<StartTestRun>b__1, took 0 ms.
TpTrace Verbose: 0 : 14044, 10, 2023/05/22, 09:52:47.154, 2971432196375, vstest.console.dll, TcpClientExtensions.MessageLoopAsync: Polling on remoteEndPoint: 127.0.0.1:54879 localEndPoint: 127.0.0.1:54878
TpTrace Verbose: 0 : 14044, 10, 2023/05/22, 09:52:47.154, 2971432199925, vstest.console.dll, TcpClientExtensions.MessageLoopAsync: NotifyDataAvailable remoteEndPoint: 127.0.0.1:54879 localEndPoint: 127.0.0.1:54878
TpTrace Verbose: 0 : 14044, 10, 2023/05/22, 09:52:47.154, 2971432200501, vstest.console.dll, TestRequestSender.OnExecutionMessageReceived: Received message: {"Version":2,"MessageType":"TestSession.Message","Payload":{"MessageLevel":0,"Message":"[xUnit.net 00:00:00.66]         C:\\JuanCarlos\\USIL\\challenge_microservice_template-master\\DTOs\\ValidarObjetos.cs(33,0): at TestApi.DTOs.ValidarObjetos.CapacidadArchivotxt()"}}
TpTrace Verbose: 0 : 14044, 10, 2023/05/22, 09:52:47.154, 2971432201038, vstest.console.dll, TestRunRequest:SendTestRunMessage: Starting.
TpTrace Verbose: 0 : 14044, 10, 2023/05/22, 09:52:47.154, 2971432201441, vstest.console.dll, MulticastDelegateUtilities.SafeInvoke: TestRun.LogMessages: Invoking callback 1/1 for Microsoft.VisualStudio.TestPlatform.CommandLine.TestRunResultAggregator.TestRunMessageHandler, took 0 ms.
TpTrace Information: 0 : 14044, 10, 2023/05/22, 09:52:47.154, 2971432201720, vstest.console.dll, TestRunRequest:SendTestRunMessage: Completed.
TpTrace Verbose: 0 : 14044, 4, 2023/05/22, 09:52:47.154, 2971432201538, vstest.console.dll, MulticastDelegateUtilities.SafeInvoke: InternalTestLoggerEvents.SendTestRunMessage: Invoking callback 1/1 for Microsoft.VisualStudio.TestPlatform.CommandLine.Internal.ConsoleLogger.TestMessageHandler, took 0 ms.
TpTrace Verbose: 0 : 14044, 10, 2023/05/22, 09:52:47.154, 2971432201970, vstest.console.dll, MulticastDelegateUtilities.SafeInvoke: LengthPrefixCommunicationChannel: MessageReceived: Invoking callback 1/1 for Microsoft.VisualStudio.TestPlatform.CommunicationUtilities.TestRequestSender+<>c__DisplayClass31_0.<StartTestRun>b__1, took 0 ms.
TpTrace Verbose: 0 : 14044, 10, 2023/05/22, 09:52:47.154, 2971432202638, vstest.console.dll, TcpClientExtensions.MessageLoopAsync: Polling on remoteEndPoint: 127.0.0.1:54879 localEndPoint: 127.0.0.1:54878
TpTrace Verbose: 0 : 14044, 10, 2023/05/22, 09:52:47.155, 2971432202946, vstest.console.dll, TcpClientExtensions.MessageLoopAsync: NotifyDataAvailable remoteEndPoint: 127.0.0.1:54879 localEndPoint: 127.0.0.1:54878
TpTrace Verbose: 0 : 14044, 10, 2023/05/22, 09:52:47.155, 2971432203395, vstest.console.dll, TestRequestSender.OnExecutionMessageReceived: Received message: {"Version":2,"MessageType":"TestSession.Message","Payload":{"MessageLevel":0,"Message":"[xUnit.net 00:00:00.66]         C:\\JuanCarlos\\USIL\\UnitTesting.Test\\ValidarGets.cs(29,0): at UnitTesting.Test.ValidarGets.ValidarCapacidadArchivoPLano()"}}
TpTrace Verbose: 0 : 14044, 10, 2023/05/22, 09:52:47.155, 2971432203900, vstest.console.dll, TestRunRequest:SendTestRunMessage: Starting.
TpTrace Verbose: 0 : 14044, 10, 2023/05/22, 09:52:47.155, 2971432204294, vstest.console.dll, MulticastDelegateUtilities.SafeInvoke: TestRun.LogMessages: Invoking callback 1/1 for Microsoft.VisualStudio.TestPlatform.CommandLine.TestRunResultAggregator.TestRunMessageHandler, took 0 ms.
TpTrace Information: 0 : 14044, 10, 2023/05/22, 09:52:47.155, 2971432204562, vstest.console.dll, TestRunRequest:SendTestRunMessage: Completed.
TpTrace Verbose: 0 : 14044, 4, 2023/05/22, 09:52:47.155, 2971432204390, vstest.console.dll, MulticastDelegateUtilities.SafeInvoke: InternalTestLoggerEvents.SendTestRunMessage: Invoking callback 1/1 for Microsoft.VisualStudio.TestPlatform.CommandLine.Internal.ConsoleLogger.TestMessageHandler, took 0 ms.
TpTrace Verbose: 0 : 14044, 10, 2023/05/22, 09:52:47.155, 2971432204804, vstest.console.dll, MulticastDelegateUtilities.SafeInvoke: LengthPrefixCommunicationChannel: MessageReceived: Invoking callback 1/1 for Microsoft.VisualStudio.TestPlatform.CommunicationUtilities.TestRequestSender+<>c__DisplayClass31_0.<StartTestRun>b__1, took 0 ms.
TpTrace Verbose: 0 : 14044, 10, 2023/05/22, 09:52:47.155, 2971432205423, vstest.console.dll, TcpClientExtensions.MessageLoopAsync: Polling on remoteEndPoint: 127.0.0.1:54879 localEndPoint: 127.0.0.1:54878
TpTrace Verbose: 0 : 14044, 10, 2023/05/22, 09:52:47.172, 2971432372867, vstest.console.dll, TcpClientExtensions.MessageLoopAsync: NotifyDataAvailable remoteEndPoint: 127.0.0.1:54879 localEndPoint: 127.0.0.1:54878
TpTrace Verbose: 0 : 14044, 10, 2023/05/22, 09:52:47.172, 2971432373879, vstest.console.dll, TestRequestSender.OnExecutionMessageReceived: Received message: {"Version":2,"MessageType":"TestSession.Message","Payload":{"MessageLevel":2,"Message":"[xUnit.net 00:00:00.68]     UnitTesting.Test.ValidarGets.ValidarNombreArchivoPlano [FAIL]"}}
TpTrace Verbose: 0 : 14044, 10, 2023/05/22, 09:52:47.172, 2971432374739, vstest.console.dll, TestRunRequest:SendTestRunMessage: Starting.
TpTrace Verbose: 0 : 14044, 10, 2023/05/22, 09:52:47.172, 2971432375386, vstest.console.dll, MulticastDelegateUtilities.SafeInvoke: TestRun.LogMessages: Invoking callback 1/1 for Microsoft.VisualStudio.TestPlatform.CommandLine.TestRunResultAggregator.TestRunMessageHandler, took 0 ms.
TpTrace Information: 0 : 14044, 10, 2023/05/22, 09:52:47.172, 2971432375817, vstest.console.dll, TestRunRequest:SendTestRunMessage: Completed.
TpTrace Verbose: 0 : 14044, 4, 2023/05/22, 09:52:47.172, 2971432375951, vstest.console.dll, MulticastDelegateUtilities.SafeInvoke: InternalTestLoggerEvents.SendTestRunMessage: Invoking callback 1/1 for Microsoft.VisualStudio.TestPlatform.CommandLine.Internal.ConsoleLogger.TestMessageHandler, took 0 ms.
TpTrace Verbose: 0 : 14044, 10, 2023/05/22, 09:52:47.172, 2971432376145, vstest.console.dll, MulticastDelegateUtilities.SafeInvoke: LengthPrefixCommunicationChannel: MessageReceived: Invoking callback 1/1 for Microsoft.VisualStudio.TestPlatform.CommunicationUtilities.TestRequestSender+<>c__DisplayClass31_0.<StartTestRun>b__1, took 0 ms.
TpTrace Verbose: 0 : 14044, 10, 2023/05/22, 09:52:47.172, 2971432377360, vstest.console.dll, TcpClientExtensions.MessageLoopAsync: Polling on remoteEndPoint: 127.0.0.1:54879 localEndPoint: 127.0.0.1:54878
TpTrace Verbose: 0 : 14044, 10, 2023/05/22, 09:52:47.172, 2971432377932, vstest.console.dll, TcpClientExtensions.MessageLoopAsync: NotifyDataAvailable remoteEndPoint: 127.0.0.1:54879 localEndPoint: 127.0.0.1:54878
TpTrace Verbose: 0 : 14044, 10, 2023/05/22, 09:52:47.172, 2971432378818, vstest.console.dll, TestRequestSender.OnExecutionMessageReceived: Received message: {"Version":2,"MessageType":"TestSession.Message","Payload":{"MessageLevel":0,"Message":"[xUnit.net 00:00:00.68]       System.NullReferenceException : Object reference not set to an instance of an object."}}
TpTrace Verbose: 0 : 14044, 10, 2023/05/22, 09:52:47.172, 2971432379866, vstest.console.dll, TestRunRequest:SendTestRunMessage: Starting.
TpTrace Verbose: 0 : 14044, 10, 2023/05/22, 09:52:47.172, 2971432380605, vstest.console.dll, MulticastDelegateUtilities.SafeInvoke: TestRun.LogMessages: Invoking callback 1/1 for Microsoft.VisualStudio.TestPlatform.CommandLine.TestRunResultAggregator.TestRunMessageHandler, took 0 ms.
TpTrace Verbose: 0 : 14044, 4, 2023/05/22, 09:52:47.172, 2971432380929, vstest.console.dll, MulticastDelegateUtilities.SafeInvoke: InternalTestLoggerEvents.SendTestRunMessage: Invoking callback 1/1 for Microsoft.VisualStudio.TestPlatform.CommandLine.Internal.ConsoleLogger.TestMessageHandler, took 0 ms.
TpTrace Information: 0 : 14044, 10, 2023/05/22, 09:52:47.172, 2971432380995, vstest.console.dll, TestRunRequest:SendTestRunMessage: Completed.
TpTrace Verbose: 0 : 14044, 10, 2023/05/22, 09:52:47.172, 2971432382098, vstest.console.dll, MulticastDelegateUtilities.SafeInvoke: LengthPrefixCommunicationChannel: MessageReceived: Invoking callback 1/1 for Microsoft.VisualStudio.TestPlatform.CommunicationUtilities.TestRequestSender+<>c__DisplayClass31_0.<StartTestRun>b__1, took 0 ms.
TpTrace Verbose: 0 : 14044, 10, 2023/05/22, 09:52:47.172, 2971432382428, vstest.console.dll, TcpClientExtensions.MessageLoopAsync: Polling on remoteEndPoint: 127.0.0.1:54879 localEndPoint: 127.0.0.1:54878
TpTrace Verbose: 0 : 14044, 10, 2023/05/22, 09:52:47.173, 2971432382749, vstest.console.dll, TcpClientExtensions.MessageLoopAsync: NotifyDataAvailable remoteEndPoint: 127.0.0.1:54879 localEndPoint: 127.0.0.1:54878
TpTrace Verbose: 0 : 14044, 10, 2023/05/22, 09:52:47.173, 2971432383183, vstest.console.dll, TestRequestSender.OnExecutionMessageReceived: Received message: {"Version":2,"MessageType":"TestSession.Message","Payload":{"MessageLevel":0,"Message":"[xUnit.net 00:00:00.68]       Stack Trace:"}}
TpTrace Verbose: 0 : 14044, 10, 2023/05/22, 09:52:47.173, 2971432383738, vstest.console.dll, TestRunRequest:SendTestRunMessage: Starting.
TpTrace Verbose: 0 : 14044, 10, 2023/05/22, 09:52:47.173, 2971432384172, vstest.console.dll, MulticastDelegateUtilities.SafeInvoke: TestRun.LogMessages: Invoking callback 1/1 for Microsoft.VisualStudio.TestPlatform.CommandLine.TestRunResultAggregator.TestRunMessageHandler, took 0 ms.
TpTrace Information: 0 : 14044, 10, 2023/05/22, 09:52:47.173, 2971432384457, vstest.console.dll, TestRunRequest:SendTestRunMessage: Completed.
TpTrace Verbose: 0 : 14044, 4, 2023/05/22, 09:52:47.173, 2971432384274, vstest.console.dll, MulticastDelegateUtilities.SafeInvoke: InternalTestLoggerEvents.SendTestRunMessage: Invoking callback 1/1 for Microsoft.VisualStudio.TestPlatform.CommandLine.Internal.ConsoleLogger.TestMessageHandler, took 0 ms.
TpTrace Verbose: 0 : 14044, 10, 2023/05/22, 09:52:47.173, 2971432384950, vstest.console.dll, MulticastDelegateUtilities.SafeInvoke: LengthPrefixCommunicationChannel: MessageReceived: Invoking callback 1/1 for Microsoft.VisualStudio.TestPlatform.CommunicationUtilities.TestRequestSender+<>c__DisplayClass31_0.<StartTestRun>b__1, took 0 ms.
TpTrace Verbose: 0 : 14044, 10, 2023/05/22, 09:52:47.173, 2971432385629, vstest.console.dll, TcpClientExtensions.MessageLoopAsync: Polling on remoteEndPoint: 127.0.0.1:54879 localEndPoint: 127.0.0.1:54878
TpTrace Verbose: 0 : 14044, 10, 2023/05/22, 09:52:47.173, 2971432385987, vstest.console.dll, TcpClientExtensions.MessageLoopAsync: NotifyDataAvailable remoteEndPoint: 127.0.0.1:54879 localEndPoint: 127.0.0.1:54878
TpTrace Verbose: 0 : 14044, 10, 2023/05/22, 09:52:47.173, 2971432386414, vstest.console.dll, TestRequestSender.OnExecutionMessageReceived: Received message: {"Version":2,"MessageType":"TestSession.Message","Payload":{"MessageLevel":0,"Message":"[xUnit.net 00:00:00.68]         C:\\JuanCarlos\\USIL\\challenge_microservice_template-master\\DTOs\\ValidarObjetos.cs(24,0): at TestApi.DTOs.ValidarObjetos.NombreArchivotxt(String nombre)"}}
TpTrace Verbose: 0 : 14044, 10, 2023/05/22, 09:52:47.173, 2971432386922, vstest.console.dll, TestRunRequest:SendTestRunMessage: Starting.
TpTrace Verbose: 0 : 14044, 10, 2023/05/22, 09:52:47.173, 2971432387362, vstest.console.dll, MulticastDelegateUtilities.SafeInvoke: TestRun.LogMessages: Invoking callback 1/1 for Microsoft.VisualStudio.TestPlatform.CommandLine.TestRunResultAggregator.TestRunMessageHandler, took 0 ms.
TpTrace Verbose: 0 : 14044, 4, 2023/05/22, 09:52:47.173, 2971432387504, vstest.console.dll, MulticastDelegateUtilities.SafeInvoke: InternalTestLoggerEvents.SendTestRunMessage: Invoking callback 1/1 for Microsoft.VisualStudio.TestPlatform.CommandLine.Internal.ConsoleLogger.TestMessageHandler, took 0 ms.
TpTrace Information: 0 : 14044, 10, 2023/05/22, 09:52:47.173, 2971432387868, vstest.console.dll, TestRunRequest:SendTestRunMessage: Completed.
TpTrace Verbose: 0 : 14044, 10, 2023/05/22, 09:52:47.173, 2971432388645, vstest.console.dll, MulticastDelegateUtilities.SafeInvoke: LengthPrefixCommunicationChannel: MessageReceived: Invoking callback 1/1 for Microsoft.VisualStudio.TestPlatform.CommunicationUtilities.TestRequestSender+<>c__DisplayClass31_0.<StartTestRun>b__1, took 0 ms.
TpTrace Verbose: 0 : 14044, 10, 2023/05/22, 09:52:47.173, 2971432388908, vstest.console.dll, TcpClientExtensions.MessageLoopAsync: Polling on remoteEndPoint: 127.0.0.1:54879 localEndPoint: 127.0.0.1:54878
TpTrace Verbose: 0 : 14044, 10, 2023/05/22, 09:52:47.173, 2971432389182, vstest.console.dll, TcpClientExtensions.MessageLoopAsync: NotifyDataAvailable remoteEndPoint: 127.0.0.1:54879 localEndPoint: 127.0.0.1:54878
TpTrace Verbose: 0 : 14044, 10, 2023/05/22, 09:52:47.173, 2971432389564, vstest.console.dll, TestRequestSender.OnExecutionMessageReceived: Received message: {"Version":2,"MessageType":"TestSession.Message","Payload":{"MessageLevel":0,"Message":"[xUnit.net 00:00:00.68]         C:\\JuanCarlos\\USIL\\UnitTesting.Test\\ValidarGets.cs(16,0): at UnitTesting.Test.ValidarGets.ValidarNombreArchivoPlano()"}}
TpTrace Verbose: 0 : 14044, 10, 2023/05/22, 09:52:47.173, 2971432390028, vstest.console.dll, TestRunRequest:SendTestRunMessage: Starting.
TpTrace Verbose: 0 : 14044, 10, 2023/05/22, 09:52:47.173, 2971432390482, vstest.console.dll, MulticastDelegateUtilities.SafeInvoke: TestRun.LogMessages: Invoking callback 1/1 for Microsoft.VisualStudio.TestPlatform.CommandLine.TestRunResultAggregator.TestRunMessageHandler, took 0 ms.
TpTrace Information: 0 : 14044, 10, 2023/05/22, 09:52:47.173, 2971432390969, vstest.console.dll, TestRunRequest:SendTestRunMessage: Completed.
TpTrace Verbose: 0 : 14044, 4, 2023/05/22, 09:52:47.173, 2971432390558, vstest.console.dll, MulticastDelegateUtilities.SafeInvoke: InternalTestLoggerEvents.SendTestRunMessage: Invoking callback 1/1 for Microsoft.VisualStudio.TestPlatform.CommandLine.Internal.ConsoleLogger.TestMessageHandler, took 0 ms.
TpTrace Verbose: 0 : 14044, 10, 2023/05/22, 09:52:47.173, 2971432391269, vstest.console.dll, MulticastDelegateUtilities.SafeInvoke: LengthPrefixCommunicationChannel: MessageReceived: Invoking callback 1/1 for Microsoft.VisualStudio.TestPlatform.CommunicationUtilities.TestRequestSender+<>c__DisplayClass31_0.<StartTestRun>b__1, took 0 ms.
TpTrace Verbose: 0 : 14044, 10, 2023/05/22, 09:52:47.173, 2971432392161, vstest.console.dll, TcpClientExtensions.MessageLoopAsync: Polling on remoteEndPoint: 127.0.0.1:54879 localEndPoint: 127.0.0.1:54878
TpTrace Verbose: 0 : 14044, 10, 2023/05/22, 09:52:47.174, 2971432397977, vstest.console.dll, TcpClientExtensions.MessageLoopAsync: NotifyDataAvailable remoteEndPoint: 127.0.0.1:54879 localEndPoint: 127.0.0.1:54878
TpTrace Verbose: 0 : 14044, 10, 2023/05/22, 09:52:47.174, 2971432398642, vstest.console.dll, TestRequestSender.OnExecutionMessageReceived: Received message: {"Version":2,"MessageType":"TestSession.Message","Payload":{"MessageLevel":0,"Message":"[xUnit.net 00:00:00.68]   Finished:    UnitTesting.Test"}}
TpTrace Verbose: 0 : 14044, 10, 2023/05/22, 09:52:47.174, 2971432399144, vstest.console.dll, TestRunRequest:SendTestRunMessage: Starting.
TpTrace Verbose: 0 : 14044, 10, 2023/05/22, 09:52:47.174, 2971432399554, vstest.console.dll, MulticastDelegateUtilities.SafeInvoke: TestRun.LogMessages: Invoking callback 1/1 for Microsoft.VisualStudio.TestPlatform.CommandLine.TestRunResultAggregator.TestRunMessageHandler, took 0 ms.
TpTrace Verbose: 0 : 14044, 4, 2023/05/22, 09:52:47.174, 2971432399703, vstest.console.dll, MulticastDelegateUtilities.SafeInvoke: InternalTestLoggerEvents.SendTestRunMessage: Invoking callback 1/1 for Microsoft.VisualStudio.TestPlatform.CommandLine.Internal.ConsoleLogger.TestMessageHandler, took 0 ms.
TpTrace Information: 0 : 14044, 10, 2023/05/22, 09:52:47.174, 2971432399814, vstest.console.dll, TestRunRequest:SendTestRunMessage: Completed.
TpTrace Verbose: 0 : 14044, 10, 2023/05/22, 09:52:47.174, 2971432400533, vstest.console.dll, MulticastDelegateUtilities.SafeInvoke: LengthPrefixCommunicationChannel: MessageReceived: Invoking callback 1/1 for Microsoft.VisualStudio.TestPlatform.CommunicationUtilities.TestRequestSender+<>c__DisplayClass31_0.<StartTestRun>b__1, took 0 ms.
TpTrace Verbose: 0 : 14044, 10, 2023/05/22, 09:52:47.174, 2971432400791, vstest.console.dll, TcpClientExtensions.MessageLoopAsync: Polling on remoteEndPoint: 127.0.0.1:54879 localEndPoint: 127.0.0.1:54878
TpTrace Verbose: 0 : 14044, 10, 2023/05/22, 09:52:47.208, 2971432734626, vstest.console.dll, TcpClientExtensions.MessageLoopAsync: NotifyDataAvailable remoteEndPoint: 127.0.0.1:54879 localEndPoint: 127.0.0.1:54878
TpTrace Verbose: 0 : 14044, 10, 2023/05/22, 09:52:47.208, 2971432736138, vstest.console.dll, TestRequestSender.OnExecutionMessageReceived: Received message: {"Version":2,"MessageType":"TestExecution.Completed","Payload":{"TestRunCompleteArgs":{"TestRunStatistics":{"ExecutedTests":2,"Stats":{"Failed":2}},"IsCanceled":false,"IsAborted":false,"Error":null,"AttachmentSets":[],"ElapsedTimeInRunningTests":"00:00:00.6905046","Metrics":{}},"LastRunTests":{"NewTestResults":[{"TestCase":{"Id":"80e44c76-9d51-1716-a396-936b9ef7b382","FullyQualifiedName":"UnitTesting.Test.ValidarGets.ValidarCapacidadArchivoPLano","DisplayName":"UnitTesting.Test.ValidarGets.ValidarCapacidadArchivoPLano","ExecutorUri":"executor://xunit/VsTestRunner2/netcoreapp","Source":"C:\\JuanCarlos\\USIL\\UnitTesting.Test\\bin\\Debug\\netcoreapp3.1\\fine-code-coverage\\build-output\\UnitTesting.Test.dll","CodeFilePath":null,"LineNumber":0,"Properties":[]},"Attachments":[],"Outcome":2,"ErrorMessage":"System.NullReferenceException : Object reference not set to an instance of an object.","ErrorStackTrace":"   at TestApi.DTOs.ValidarObjetos.CapacidadArchivotxt() in C:\\JuanCarlos\\USIL\\challenge_microservice_template-master\\DTOs\\ValidarObjetos.cs:line 33\r\n   at UnitTesting.Test.ValidarGets.ValidarCapacidadArchivoPLano() in C:\\JuanCarlos\\USIL\\UnitTesting.Test\\ValidarGets.cs:line 29","DisplayName":"UnitTesting.Test.ValidarGets.ValidarCapacidadArchivoPLano","Messages":[],"ComputerName":"DESKTOP-B5K2N73","Duration":"00:00:00.0035575","StartTime":"2023-05-22T14:52:47.1561797+00:00","EndTime":"2023-05-22T14:52:47.1562464+00:00","Properties":[]},{"TestCase":{"Id":"b4f40073-58e8-ce22-4f23-ce83c1a07766","FullyQualifiedName":"UnitTesting.Test.ValidarGets.ValidarNombreArchivoPlano","DisplayName":"UnitTesting.Test.ValidarGets.ValidarNombreArchivoPlano","ExecutorUri":"executor://xunit/VsTestRunner2/netcoreapp","Source":"C:\\JuanCarlos\\USIL\\UnitTesting.Test\\bin\\Debug\\netcoreapp3.1\\fine-code-coverage\\build-output\\UnitTesting.Test.dll","CodeFilePath":null,"LineNumber":0,"Properties":[]},"Attachments":[],"Outcome":2,"ErrorMessage":"System.NullReferenceException : Object reference not set to an instance of an object.","ErrorStackTrace":"   at TestApi.DTOs.ValidarObjetos.NombreArchivotxt(String nombre) in C:\\JuanCarlos\\USIL\\challenge_microservice_template-master\\DTOs\\ValidarObjetos.cs:line 24\r\n   at UnitTesting.Test.ValidarGets.ValidarNombreArchivoPlano() in C:\\JuanCarlos\\USIL\\UnitTesting.Test\\ValidarGets.cs:line 16","DisplayName":"UnitTesting.Test.ValidarGets.ValidarNombreArchivoPlano","Messages":[],"ComputerName":"DESKTOP-B5K2N73","Duration":"00:00:00.0005395","StartTime":"2023-05-22T14:52:47.1725699+00:00","EndTime":"2023-05-22T14:52:47.1725715+00:00","Properties":[]}],"TestRunStatistics":{"ExecutedTests":2,"Stats":{"Failed":2}},"ActiveTests":[]},"RunAttachments":[],"ExecutorUris":["executor://xunit/VsTestRunner2/netcoreapp"]}}
TpTrace Verbose: 0 : 14044, 10, 2023/05/22, 09:52:47.208, 2971432737173, vstest.console.dll, TestRequestSender.EndSession: Sending end session.
TpTrace Verbose: 0 : 14044, 10, 2023/05/22, 09:52:47.208, 2971432738462, vstest.console.dll, ProxyOperationManager.Close: waiting for test host to exit for 100 ms
TpTrace Warning: 0 : 14044, 12, 2023/05/22, 09:52:47.228, 2971432932931, vstest.console.dll, TestHostManagerCallbacks.ErrorReceivedCallback Test host standard error line: 
TpTrace Verbose: 0 : 14044, 12, 2023/05/22, 09:52:47.242, 2971433076037, vstest.console.dll, TestHostProvider.ExitCallBack: Host exited starting callback.
TpTrace Information: 0 : 14044, 12, 2023/05/22, 09:52:47.242, 2971433079841, vstest.console.dll, TestHostManagerCallbacks.ExitCallBack: Testhost processId: 11092 exited with exitcode: 0 error: ''
TpTrace Verbose: 0 : 14044, 12, 2023/05/22, 09:52:47.242, 2971433080284, vstest.console.dll, DotnetTestHostManager.OnHostExited: invoking OnHostExited callback
TpTrace Verbose: 0 : 14044, 12, 2023/05/22, 09:52:47.242, 2971433080708, vstest.console.dll, CrossPlatEngine.TestHostManagerHostExited: calling on client process exit callback.
TpTrace Information: 0 : 14044, 12, 2023/05/22, 09:52:47.242, 2971433081250, vstest.console.dll, TestRequestSender.OnClientProcessExit: Test host process exited. Standard error: 
TpTrace Information: 0 : 14044, 12, 2023/05/22, 09:52:47.242, 2971433081581, vstest.console.dll, SocketServer.Stop: Stop server endPoint: 127.0.0.1:54878
TpTrace Information: 0 : 14044, 10, 2023/05/22, 09:52:47.242, 2971433081604, vstest.console.dll, SocketServer.Stop: Stop server endPoint: 127.0.0.1:54878
TpTrace Information: 0 : 14044, 12, 2023/05/22, 09:52:47.242, 2971433081819, vstest.console.dll, SocketServer.Stop: Cancellation requested. Stopping message loop.
TpTrace Information: 0 : 14044, 10, 2023/05/22, 09:52:47.242, 2971433082216, vstest.console.dll, SocketServer.Stop: Cancellation requested. Stopping message loop.
TpTrace Information: 0 : 14044, 10, 2023/05/22, 09:52:47.243, 2971433082945, vstest.console.dll, Closing the connection
TpTrace Verbose: 0 : 14044, 12, 2023/05/22, 09:52:47.243, 2971433083128, vstest.console.dll, MulticastDelegateUtilities.SafeInvoke: HostProviderEvents.OnHostExited: Invoking callback 1/1 for Microsoft.VisualStudio.TestPlatform.CrossPlatEngine.Client.ProxyOperationManager.TestHostManagerHostExited, took 0 ms.
TpTrace Verbose: 0 : 14044, 10, 2023/05/22, 09:52:47.243, 2971433084771, vstest.console.dll, ProxyDataCollectionManager.InvokeDataCollectionServiceAction: Starting.
TpTrace Information: 0 : 14044, 10, 2023/05/22, 09:52:47.243, 2971433085186, vstest.console.dll, ProxyDataCollectionManager.AfterTestRunEnd: Get attachment set and invoked data collectors processId: 10652 port: 54875
TpTrace Verbose: 0 : 14044, 10, 2023/05/22, 09:52:47.243, 2971433085645, vstest.console.dll, DataCollectionRequestSender.SendAfterTestRunStartAndGetResult: Send AfterTestRunEnd message with isCancelled: False
TpTrace Verbose: 0 : 14044, 10, 2023/05/22, 09:52:47.248, 2971433141627, vstest.console.dll, DataCollectionRequestSender.SendAfterTestRunStartAndGetResult: Received message: (DataCollection.AfterTestRunEndResult) -> {"MessageType":"DataCollection.AfterTestRunEndResult","Payload":{"AttachmentSets":[],"InvokedDataCollectors":[{"Uri":"datacollector://Microsoft/TestPlatform/Extensions/Blame/v1","FriendlyName":"Blame","AssemblyQualifiedName":"Microsoft.TestPlatform.Extensions.BlameDataCollector.BlameCollector, Microsoft.TestPlatform.Extensions.BlameDataCollector, Version=15.0.0.0, Culture=neutral, PublicKeyToken=b03f5f7f11d50a3a","FilePath":"C:\\Program Files\\dotnet\\sdk\\6.0.405\\Extensions\\Microsoft.TestPlatform.Extensions.BlameDataCollector.dll","HasAttachmentProcessor":false}],"Metrics":{}}}
TpTrace Information: 0 : 14044, 10, 2023/05/22, 09:52:47.254, 2971433195300, vstest.console.dll, ProxyDataCollectionManager.InvokeDataCollectionServiceAction: Completed.
TpTrace Warning: 0 : 14044, 9, 2023/05/22, 09:52:47.261, 2971433268538, vstest.console.dll, DataCollectionLauncher.ErrorReceivedCallback datacollector standard error line: 
TpTrace Information: 0 : 14044, 9, 2023/05/22, 09:52:47.265, 2971433310011, vstest.console.dll, DataCollectionLauncher.ExitCallBack: Data collector exited with exitcode: 0 error: ''
TpTrace Verbose: 0 : 14044, 10, 2023/05/22, 09:52:47.300, 2971433662405, vstest.console.dll, TestRunRequest:SendTestRunStatsChange: Starting.
TpTrace Verbose: 0 : 14044, 10, 2023/05/22, 09:52:47.301, 2971433664336, vstest.console.dll, MulticastDelegateUtilities.SafeInvoke: TestRun.RunStatsChanged: Invoking callbacks was skipped because there are no subscribers.
TpTrace Information: 0 : 14044, 10, 2023/05/22, 09:52:47.301, 2971433664672, vstest.console.dll, TestRunRequest:SendTestRunStatsChange: Completed.
TpTrace Verbose: 0 : 14044, 10, 2023/05/22, 09:52:47.301, 2971433666792, vstest.console.dll, ParallelProxyExecutionManager: HandlePartialRunComplete: Total completed clients = 1, Run complete = True, Run canceled: False.
TpTrace Verbose: 0 : 14044, 4, 2023/05/22, 09:52:47.303, 2971433687987, vstest.console.dll, MulticastDelegateUtilities.SafeInvoke: InternalTestLoggerEvents.SendTestResult: Invoking callback 1/1 for Microsoft.VisualStudio.TestPlatform.CommandLine.Internal.ConsoleLogger.TestResultHandler, took 2 ms.
TpTrace Verbose: 0 : 14044, 4, 2023/05/22, 09:52:47.303, 2971433690625, vstest.console.dll, MulticastDelegateUtilities.SafeInvoke: InternalTestLoggerEvents.SendTestResult: Invoking callback 1/1 for Microsoft.VisualStudio.TestPlatform.CommandLine.Internal.ConsoleLogger.TestResultHandler, took 0 ms.
TpTrace Verbose: 0 : 14044, 4, 2023/05/22, 09:52:47.316, 2971433817012, vstest.console.dll, MulticastDelegateUtilities.SafeInvoke: InternalTestLoggerEvents.SendTestRunComplete: Invoking callback 1/2 for Microsoft.TestPlatform.Extensions.BlameDataCollector.BlameLogger.TestRunCompleteHandler, took 0 ms.
TpTrace Verbose: 0 : 14044, 4, 2023/05/22, 09:52:47.321, 2971433865231, vstest.console.dll, MulticastDelegateUtilities.SafeInvoke: InternalTestLoggerEvents.SendTestRunComplete: Invoking callback 2/2 for Microsoft.VisualStudio.TestPlatform.CommandLine.Internal.ConsoleLogger.TestRunCompleteHandler, took 4 ms.
TpTrace Verbose: 0 : 14044, 10, 2023/05/22, 09:52:47.321, 2971433867978, vstest.console.dll, TestRunRequest:TestRunComplete: Starting. IsAborted:False IsCanceled:False.
TpTrace Verbose: 0 : 14044, 10, 2023/05/22, 09:52:47.322, 2971433877587, vstest.console.dll, TestLoggerManager.HandleTestRunComplete: Ignoring as the object is disposed.
TpTrace Verbose: 0 : 14044, 10, 2023/05/22, 09:52:47.322, 2971433879016, vstest.console.dll, MulticastDelegateUtilities.SafeInvoke: TestRun.TestRunComplete: Invoking callback 1/2 for Microsoft.VisualStudio.TestPlatform.CommandLine.TestRunResultAggregator.TestRunCompletionHandler, took 0 ms.
TpTrace Verbose: 0 : 14044, 10, 2023/05/22, 09:52:47.322, 2971433879692, vstest.console.dll, MulticastDelegateUtilities.SafeInvoke: TestRun.TestRunComplete: Invoking callback 2/2 for Microsoft.VisualStudio.TestPlatform.CommandLine.Processors.RunTestsArgumentExecutor+TestRunRequestEventsRegistrar.TestRunRequest_OnRunCompletion, took 0 ms.
TpTrace Information: 0 : 14044, 10, 2023/05/22, 09:52:47.322, 2971433880518, vstest.console.dll, TestRunRequest:TestRunComplete: Completed.
TpTrace Verbose: 0 : 14044, 1, 2023/05/22, 09:52:47.322, 2971433880643, vstest.console.dll, TestRunRequest.Dispose: Starting.
TpTrace Information: 0 : 14044, 1, 2023/05/22, 09:52:47.322, 2971433881319, vstest.console.dll, TestRunRequest.Dispose: Completed.
TpTrace Verbose: 0 : 14044, 10, 2023/05/22, 09:52:47.322, 2971433881319, vstest.console.dll, TestRequestSender.SetOperationComplete: Setting operation complete.
TpTrace Information: 0 : 14044, 1, 2023/05/22, 09:52:47.322, 2971433881702, vstest.console.dll, TestRequestManager.RunTests: run tests completed.
TpTrace Information: 0 : 14044, 10, 2023/05/22, 09:52:47.322, 2971433882112, vstest.console.dll, SocketServer.Stop: Stop server endPoint: 127.0.0.1:54878
TpTrace Information: 0 : 14044, 10, 2023/05/22, 09:52:47.322, 2971433882663, vstest.console.dll, SocketServer.Stop: Cancellation requested. Stopping message loop.
TpTrace Information: 0 : 14044, 1, 2023/05/22, 09:52:47.323, 2971433882730, vstest.console.dll, RunTestsArgumentProcessor:Execute: Test run is completed.
TpTrace Verbose: 0 : 14044, 10, 2023/05/22, 09:52:47.323, 2971433882962, vstest.console.dll, MulticastDelegateUtilities.SafeInvoke: LengthPrefixCommunicationChannel: MessageReceived: Invoking callback 1/1 for Microsoft.VisualStudio.TestPlatform.CommunicationUtilities.TestRequestSender+<>c__DisplayClass31_0.<StartTestRun>b__1, took 114 ms.
TpTrace Information: 0 : 14044, 10, 2023/05/22, 09:52:47.323, 2971433883640, vstest.console.dll, SocketServer.PrivateStop: Stopping server endPoint: 127.0.0.1:54878 error: 
TpTrace Verbose: 0 : 14044, 1, 2023/05/22, 09:52:47.323, 2971433884262, vstest.console.dll, Executor.Execute: Exiting with exit code of 1
TpTrace Verbose: 0 : 14044, 10, 2023/05/22, 09:52:47.323, 2971433887155, vstest.console.dll, LengthPrefixCommunicationChannel.Dispose: Dispose reader and writer.
TpTrace Information: 0 : 14044, 10, 2023/05/22, 09:52:47.323, 2971433887939, vstest.console.dll, SocketServer.Stop: Raise disconnected event endPoint: 127.0.0.1:54878 error: 
